# JRE version: OpenJDK Runtime Environment OpenLogic-OpenJDK (17.0.10+7) (build 17.0.10+7-adhoc..jdk17u)
# Java VM: OpenJDK 64-Bit Server VM OpenLogic-OpenJDK (17.0.10+7-adhoc..jdk17u, mixed mode, sharing, tiered, compressed oops, compressed class ptrs, g1 gc, windows-amd64)
GC Precious Log:
 CPUs: 4 total, 4 available
 Memory: 8070M
 Large Page Support: Disabled
 NUMA Support: Disabled
 Compressed Oops: Enabled (32-bit)
 Heap Region Size: 1M
 Heap Min Capacity: 8M
 Heap Initial Capacity: 128M
 Heap Max Capacity: 2G
 Pre-touch: Disabled
 Parallel Workers: 4
 Concurrent Workers: 1
 Concurrent Refinement Workers: 4
 Periodic GC: Disabled
Heap:
 garbage-first heap   total 176128K, used 91171K [0x0000000080000000, 0x0000000100000000)
  region size 1024K, 1 young (1024K), 1 survivors (1024K)
 Metaspace       used 81447K, committed 82240K, reserved 557056K
  class space    used 11423K, committed 11776K, reserved 425984K
GC Heap History (20 events):
Event: 33.854 GC heap after
{Heap after GC invocations=33 (full 0):
 garbage-first heap   total 135168K, used 70043K [0x0000000080000000, 0x0000000100000000)
  region size 1024K, 4 young (4096K), 4 survivors (4096K)
 Metaspace       used 67437K, committed 68096K, reserved 491520K
  class space    used 9657K, committed 9920K, reserved 425984K
}
Event: 34.065 GC heap before
{Heap before GC invocations=33 (full 0):
 garbage-first heap   total 135168K, used 80283K [0x0000000080000000, 0x0000000100000000)
  region size 1024K, 15 young (15360K), 4 survivors (4096K)
 Metaspace       used 67545K, committed 68224K, reserved 491520K
  class space    used 9668K, committed 9984K, reserved 425984K
}
Event: 34.073 GC heap after
{Heap after GC invocations=34 (full 0):
 garbage-first heap   total 135168K, used 70854K [0x0000000080000000, 0x0000000100000000)
  region size 1024K, 3 young (3072K), 3 survivors (3072K)
 Metaspace       used 67545K, committed 68224K, reserved 491520K
  class space    used 9668K, committed 9984K, reserved 425984K
}
Event: 34.408 GC heap before
{Heap before GC invocations=35 (full 0):
 garbage-first heap   total 135168K, used 82118K [0x0000000080000000, 0x0000000100000000)
  region size 1024K, 12 young (12288K), 3 survivors (3072K)
 Metaspace       used 67596K, committed 68288K, reserved 491520K
  class space    used 9675K, committed 9984K, reserved 425984K
}
Event: 34.415 GC heap after
{Heap after GC invocations=36 (full 0):
 garbage-first heap   total 135168K, used 78368K [0x0000000080000000, 0x0000000100000000)
  region size 1024K, 6 young (6144K), 6 survivors (6144K)
 Metaspace       used 67596K, committed 68288K, reserved 491520K
  class space    used 9675K, committed 9984K, reserved 425984K
}
Event: 34.859 GC heap before
{Heap before GC invocations=37 (full 0):
 garbage-first heap   total 147456K, used 90656K [0x0000000080000000, 0x0000000100000000)
  region size 1024K, 19 young (19456K), 6 survivors (6144K)
 Metaspace       used 68462K, committed 69120K, reserved 491520K
  class space    used 9779K, committed 10048K, reserved 425984K
}
Event: 34.867 GC heap after
{Heap after GC invocations=38 (full 0):
 garbage-first heap   total 147456K, used 81643K [0x0000000080000000, 0x0000000100000000)
  region size 1024K, 2 young (2048K), 2 survivors (2048K)
 Metaspace       used 68462K, committed 69120K, reserved 491520K
  class space    used 9779K, committed 10048K, reserved 425984K
}
Event: 35.462 GC heap before
{Heap before GC invocations=39 (full 0):
 garbage-first heap   total 153600K, used 108267K [0x0000000080000000, 0x0000000100000000)
  region size 1024K, 27 young (27648K), 2 survivors (2048K)
 Metaspace       used 70604K, committed 71296K, reserved 491520K
  class space    used 10009K, committed 10304K, reserved 425984K
}
Event: 35.466 GC heap after
{Heap after GC invocations=40 (full 0):
 garbage-first heap   total 153600K, used 83040K [0x0000000080000000, 0x0000000100000000)
  region size 1024K, 2 young (2048K), 2 survivors (2048K)
 Metaspace       used 70604K, committed 71296K, reserved 491520K
  class space    used 10009K, committed 10304K, reserved 425984K
}
Event: 36.113 GC heap before
{Heap before GC invocations=40 (full 0):
 garbage-first heap   total 153600K, used 108640K [0x0000000080000000, 0x0000000100000000)
  region size 1024K, 28 young (28672K), 2 survivors (2048K)
 Metaspace       used 73419K, committed 74240K, reserved 491520K
  class space    used 10345K, committed 10752K, reserved 425984K
}
Event: 36.117 GC heap after
{Heap after GC invocations=41 (full 0):
 garbage-first heap   total 153600K, used 84958K [0x0000000080000000, 0x0000000100000000)
  region size 1024K, 4 young (4096K), 4 survivors (4096K)
 Metaspace       used 73419K, committed 74240K, reserved 491520K
  class space    used 10345K, committed 10752K, reserved 425984K
}
Event: 36.795 GC heap before
{Heap before GC invocations=42 (full 0):
 garbage-first heap   total 176128K, used 122846K [0x0000000080000000, 0x0000000100000000)
  region size 1024K, 35 young (35840K), 4 survivors (4096K)
 Metaspace       used 74846K, committed 75648K, reserved 491520K
  class space    used 10537K, committed 10944K, reserved 425984K
}
Event: 36.805 GC heap after
{Heap after GC invocations=43 (full 0):
 garbage-first heap   total 176128K, used 88014K [0x0000000080000000, 0x0000000100000000)
  region size 1024K, 5 young (5120K), 5 survivors (5120K)
 Metaspace       used 74846K, committed 75648K, reserved 491520K
  class space    used 10537K, committed 10944K, reserved 425984K
}
Event: 36.865 GC heap before
{Heap before GC invocations=43 (full 0):
 garbage-first heap   total 176128K, used 91086K [0x0000000080000000, 0x0000000100000000)
  region size 1024K, 8 young (8192K), 5 survivors (5120K)
 Metaspace       used 75032K, committed 75840K, reserved 491520K
  class space    used 10568K, committed 10944K, reserved 425984K
}
Event: 36.872 GC heap after
{Heap after GC invocations=44 (full 0):
 garbage-first heap   total 176128K, used 88000K [0x0000000080000000, 0x0000000100000000)
  region size 1024K, 1 young (1024K), 1 survivors (1024K)
 Metaspace       used 75032K, committed 75840K, reserved 491520K
  class space    used 10568K, committed 10944K, reserved 425984K
}
Event: 37.658 GC heap before
{Heap before GC invocations=44 (full 0):
 garbage-first heap   total 176128K, used 128960K [0x0000000080000000, 0x0000000100000000)
  region size 1024K, 41 young (41984K), 1 survivors (1024K)
 Metaspace       used 77863K, committed 78656K, reserved 557056K
  class space    used 10952K, committed 11328K, reserved 425984K
}
Event: 37.663 GC heap after
{Heap after GC invocations=45 (full 0):
 garbage-first heap   total 176128K, used 89441K [0x0000000080000000, 0x0000000100000000)
  region size 1024K, 3 young (3072K), 3 survivors (3072K)
 Metaspace       used 77863K, committed 78656K, reserved 557056K
  class space    used 10952K, committed 11328K, reserved 425984K
}
Event: 38.453 GC heap before
{Heap before GC invocations=46 (full 0):
 garbage-first heap   total 176128K, used 131425K [0x0000000080000000, 0x0000000100000000)
  region size 1024K, 44 young (45056K), 3 survivors (3072K)
 Metaspace       used 80925K, committed 81728K, reserved 557056K
  class space    used 11370K, committed 11712K, reserved 425984K
}
Event: 38.462 GC heap after
{Heap after GC invocations=47 (full 0):
 garbage-first heap   total 176128K, used 90845K [0x0000000080000000, 0x0000000100000000)
  region size 1024K, 4 young (4096K), 4 survivors (4096K)
 Metaspace       used 80925K, committed 81728K, reserved 557056K
  class space    used 11370K, committed 11712K, reserved 425984K
}
Event: 38.602 GC heap before
{Heap before GC invocations=47 (full 0):
 garbage-first heap   total 176128K, used 93917K [0x0000000080000000, 0x0000000100000000)
  region size 1024K, 8 young (8192K), 4 survivors (4096K)
 Metaspace       used 81447K, committed 82240K, reserved 557056K
  class space    used 11423K, committed 11776K, reserved 425984K
}

