# JRE version: Java(TM) SE Runtime Environment (17.0.11+7) (build 17.0.11+7-LTS-207)
# Java VM: Java HotSpot(TM) 64-Bit Server VM (17.0.11+7-LTS-207, mixed mode, sharing, tiered, compressed oops, compressed class ptrs, g1 gc, windows-amd64)
GC Precious Log:
 CPUs: 4 total, 4 available
 Memory: 8070M
 Large Page Support: Disabled
 NUMA Support: Disabled
 Compressed Oops: Enabled (Zero based)
 Heap Region Size: 2M
 Heap Min Capacity: 8M
 Heap Initial Capacity: 128M
 Heap Max Capacity: 4G
 Pre-touch: Disabled
 Parallel Workers: 4
 Concurrent Workers: 1
 Concurrent Refinement Workers: 4
 Periodic GC: Disabled
Heap:
 garbage-first heap   total 120832K, used 78033K [0x0000000700000000, 0x0000000800000000)
  region size 2048K, 8 young (16384K), 2 survivors (4096K)
 Metaspace       used 64313K, committed 65024K, reserved 655360K
  class space    used 9102K, committed 9408K, reserved 589824K
GC Heap History (20 events):
Event: 54.998 GC heap before
{Heap before GC invocations=16 (full 0):
 garbage-first heap   total 90112K, used 73053K [0x0000000700000000, 0x0000000800000000)
  region size 2048K, 18 young (36864K), 2 survivors (4096K)
 Metaspace       used 48399K, committed 49024K, reserved 655360K
  class space    used 6822K, committed 7104K, reserved 589824K
}
Event: 55.015 GC heap after
{Heap after GC invocations=17 (full 0):
 garbage-first heap   total 90112K, used 45885K [0x0000000700000000, 0x0000000800000000)
  region size 2048K, 3 young (6144K), 3 survivors (6144K)
 Metaspace       used 48399K, committed 49024K, reserved 655360K
  class space    used 6822K, committed 7104K, reserved 589824K
}
Event: 56.950 GC heap before
{Heap before GC invocations=17 (full 0):
 garbage-first heap   total 90112K, used 66365K [0x0000000700000000, 0x0000000800000000)
  region size 2048K, 14 young (28672K), 3 survivors (6144K)
 Metaspace       used 50808K, committed 51456K, reserved 655360K
  class space    used 7162K, committed 7488K, reserved 589824K
}
Event: 56.966 GC heap after
{Heap after GC invocations=18 (full 0):
 garbage-first heap   total 90112K, used 47312K [0x0000000700000000, 0x0000000800000000)
  region size 2048K, 1 young (2048K), 1 survivors (2048K)
 Metaspace       used 50808K, committed 51456K, reserved 655360K
  class space    used 7162K, committed 7488K, reserved 589824K
}
Event: 58.905 GC heap before
{Heap before GC invocations=19 (full 0):
 garbage-first heap   total 92160K, used 78032K [0x0000000700000000, 0x0000000800000000)
  region size 2048K, 12 young (24576K), 1 survivors (2048K)
 Metaspace       used 52490K, committed 53184K, reserved 655360K
  class space    used 7409K, committed 7744K, reserved 589824K
}
Event: 58.912 GC heap after
{Heap after GC invocations=20 (full 0):
 garbage-first heap   total 92160K, used 56938K [0x0000000700000000, 0x0000000800000000)
  region size 2048K, 2 young (4096K), 2 survivors (4096K)
 Metaspace       used 52490K, committed 53184K, reserved 655360K
  class space    used 7409K, committed 7744K, reserved 589824K
}
Event: 60.364 GC heap before
{Heap before GC invocations=20 (full 0):
 garbage-first heap   total 92160K, used 73322K [0x0000000700000000, 0x0000000800000000)
  region size 2048K, 10 young (20480K), 2 survivors (4096K)
 Metaspace       used 54495K, committed 55168K, reserved 655360K
  class space    used 7676K, committed 8000K, reserved 589824K
}
Event: 60.371 GC heap after
{Heap after GC invocations=21 (full 0):
 garbage-first heap   total 92160K, used 57196K [0x0000000700000000, 0x0000000800000000)
  region size 2048K, 1 young (2048K), 1 survivors (2048K)
 Metaspace       used 54495K, committed 55168K, reserved 655360K
  class space    used 7676K, committed 8000K, reserved 589824K
}
Event: 61.690 GC heap before
{Heap before GC invocations=22 (full 0):
 garbage-first heap   total 100352K, used 75628K [0x0000000700000000, 0x0000000800000000)
  region size 2048K, 10 young (20480K), 1 survivors (2048K)
 Metaspace       used 56055K, committed 56704K, reserved 655360K
  class space    used 7870K, committed 8192K, reserved 589824K
}
Event: 61.701 GC heap after
{Heap after GC invocations=23 (full 0):
 garbage-first heap   total 100352K, used 58711K [0x0000000700000000, 0x0000000800000000)
  region size 2048K, 2 young (4096K), 2 survivors (4096K)
 Metaspace       used 56055K, committed 56704K, reserved 655360K
  class space    used 7870K, committed 8192K, reserved 589824K
}
Event: 63.162 GC heap before
{Heap before GC invocations=23 (full 0):
 garbage-first heap   total 100352K, used 81239K [0x0000000700000000, 0x0000000800000000)
  region size 2048K, 13 young (26624K), 2 survivors (4096K)
 Metaspace       used 58283K, committed 58944K, reserved 655360K
  class space    used 8268K, committed 8576K, reserved 589824K
}
Event: 63.171 GC heap after
{Heap after GC invocations=24 (full 0):
 garbage-first heap   total 100352K, used 59708K [0x0000000700000000, 0x0000000800000000)
  region size 2048K, 2 young (4096K), 2 survivors (4096K)
 Metaspace       used 58283K, committed 58944K, reserved 655360K
  class space    used 8268K, committed 8576K, reserved 589824K
}
Event: 64.254 GC heap before
{Heap before GC invocations=25 (full 0):
 garbage-first heap   total 106496K, used 80188K [0x0000000700000000, 0x0000000800000000)
  region size 2048K, 12 young (24576K), 2 survivors (4096K)
 Metaspace       used 59653K, committed 60288K, reserved 655360K
  class space    used 8455K, committed 8768K, reserved 589824K
}
Event: 64.264 GC heap after
{Heap after GC invocations=26 (full 0):
 garbage-first heap   total 106496K, used 60523K [0x0000000700000000, 0x0000000800000000)
  region size 2048K, 1 young (2048K), 1 survivors (2048K)
 Metaspace       used 59653K, committed 60288K, reserved 655360K
  class space    used 8455K, committed 8768K, reserved 589824K
}
Event: 65.696 GC heap before
{Heap before GC invocations=26 (full 0):
 garbage-first heap   total 106496K, used 87147K [0x0000000700000000, 0x0000000800000000)
  region size 2048K, 14 young (28672K), 1 survivors (2048K)
 Metaspace       used 61311K, committed 61952K, reserved 655360K
  class space    used 8684K, committed 8960K, reserved 589824K
}
Event: 65.705 GC heap after
{Heap after GC invocations=27 (full 0):
 garbage-first heap   total 106496K, used 61125K [0x0000000700000000, 0x0000000800000000)
  region size 2048K, 2 young (4096K), 2 survivors (4096K)
 Metaspace       used 61311K, committed 61952K, reserved 655360K
  class space    used 8684K, committed 8960K, reserved 589824K
}
Event: 67.733 GC heap before
{Heap before GC invocations=28 (full 0):
 garbage-first heap   total 110592K, used 85701K [0x0000000700000000, 0x0000000800000000)
  region size 2048K, 14 young (28672K), 2 survivors (4096K)
 Metaspace       used 62503K, committed 63232K, reserved 655360K
  class space    used 8852K, committed 9152K, reserved 589824K
}
Event: 67.748 GC heap after
{Heap after GC invocations=29 (full 0):
 garbage-first heap   total 110592K, used 64077K [0x0000000700000000, 0x0000000800000000)
  region size 2048K, 2 young (4096K), 2 survivors (4096K)
 Metaspace       used 62503K, committed 63232K, reserved 655360K
  class space    used 8852K, committed 9152K, reserved 589824K
}
Event: 70.838 GC heap before
{Heap before GC invocations=29 (full 0):
 garbage-first heap   total 110592K, used 88653K [0x0000000700000000, 0x0000000800000000)
  region size 2048K, 14 young (28672K), 2 survivors (4096K)
 Metaspace       used 63497K, committed 64192K, reserved 655360K
  class space    used 8972K, committed 9280K, reserved 589824K
}
Event: 70.856 GC heap after
{Heap after GC invocations=30 (full 0):
 garbage-first heap   total 110592K, used 67793K [0x0000000700000000, 0x0000000800000000)
  region size 2048K, 2 young (4096K), 2 survivors (4096K)
 Metaspace       used 63497K, committed 64192K, reserved 655360K
  class space    used 8972K, committed 9280K, reserved 589824K
}

