# JRE version: Java(TM) SE Runtime Environment (17.0.11+7) (build 17.0.11+7-LTS-207)
# Java VM: Java HotSpot(TM) 64-Bit Server VM (17.0.11+7-LTS-207, mixed mode, sharing, tiered, compressed oops, compressed class ptrs, g1 gc, windows-amd64)
GC Precious Log:
 CPUs: 4 total, 4 available
 Memory: 8070M
 Large Page Support: Disabled
 NUMA Support: Disabled
 Compressed Oops: Enabled (32-bit)
 Heap Region Size: 1M
 Heap Min Capacity: 8M
 Heap Initial Capacity: 128M
 Heap Max Capacity: 2G
 Pre-touch: Disabled
 Parallel Workers: 4
 Concurrent Workers: 1
 Concurrent Refinement Workers: 4
 Periodic GC: Disabled
Heap:
 garbage-first heap   total 519168K, used 378879K [0x0000000080000000, 0x0000000100000000)
  region size 1024K, 8 young (8192K), 8 survivors (8192K)
 Metaspace       used 124950K, committed 126464K, reserved 720896K
  class space    used 17357K, committed 18048K, reserved 589824K
GC Heap History (20 events):
Event: 101.039 GC heap after
{Heap after GC invocations=96 (full 0):
 garbage-first heap   total 328704K, used 271597K [0x0000000080000000, 0x0000000100000000)
  region size 1024K, 4 young (4096K), 4 survivors (4096K)
 Metaspace       used 114776K, committed 116224K, reserved 720896K
  class space    used 15823K, committed 16512K, reserved 589824K
}
Event: 101.718 GC heap before
{Heap before GC invocations=96 (full 0):
 garbage-first heap   total 328704K, used 286957K [0x0000000080000000, 0x0000000100000000)
  region size 1024K, 20 young (20480K), 4 survivors (4096K)
 Metaspace       used 115965K, committed 117440K, reserved 720896K
  class space    used 15992K, committed 16640K, reserved 589824K
}
Event: 101.724 GC heap after
{Heap after GC invocations=97 (full 0):
 garbage-first heap   total 328704K, used 272371K [0x0000000080000000, 0x0000000100000000)
  region size 1024K, 1 young (1024K), 1 survivors (1024K)
 Metaspace       used 115965K, committed 117440K, reserved 720896K
  class space    used 15992K, committed 16640K, reserved 589824K
}
Event: 102.176 GC heap before
{Heap before GC invocations=97 (full 0):
 garbage-first heap   total 328704K, used 292851K [0x0000000080000000, 0x0000000100000000)
  region size 1024K, 17 young (17408K), 1 survivors (1024K)
 Metaspace       used 116961K, committed 118400K, reserved 720896K
  class space    used 16126K, committed 16768K, reserved 589824K
}
Event: 102.182 GC heap after
{Heap after GC invocations=98 (full 0):
 garbage-first heap   total 328704K, used 275617K [0x0000000080000000, 0x0000000100000000)
  region size 1024K, 2 young (2048K), 2 survivors (2048K)
 Metaspace       used 116961K, committed 118400K, reserved 720896K
  class space    used 16126K, committed 16768K, reserved 589824K
}
Event: 102.302 GC heap before
{Heap before GC invocations=98 (full 0):
 garbage-first heap   total 328704K, used 287905K [0x0000000080000000, 0x0000000100000000)
  region size 1024K, 9 young (9216K), 2 survivors (2048K)
 Metaspace       used 117391K, committed 118848K, reserved 720896K
  class space    used 16178K, committed 16832K, reserved 589824K
}
Event: 102.308 GC heap after
{Heap after GC invocations=99 (full 0):
 garbage-first heap   total 328704K, used 280242K [0x0000000080000000, 0x0000000100000000)
  region size 1024K, 2 young (2048K), 2 survivors (2048K)
 Metaspace       used 117391K, committed 118848K, reserved 720896K
  class space    used 16178K, committed 16832K, reserved 589824K
}
Event: 102.314 GC heap before
{Heap before GC invocations=99 (full 0):
 garbage-first heap   total 328704K, used 285362K [0x0000000080000000, 0x0000000100000000)
  region size 1024K, 7 young (7168K), 2 survivors (2048K)
 Metaspace       used 117412K, committed 118976K, reserved 720896K
  class space    used 16179K, committed 16896K, reserved 589824K
}
Event: 102.317 GC heap after
{Heap after GC invocations=100 (full 0):
 garbage-first heap   total 328704K, used 282937K [0x0000000080000000, 0x0000000100000000)
  region size 1024K, 2 young (2048K), 2 survivors (2048K)
 Metaspace       used 117412K, committed 118976K, reserved 720896K
  class space    used 16179K, committed 16896K, reserved 589824K
}
Event: 102.526 GC heap before
{Heap before GC invocations=100 (full 0):
 garbage-first heap   total 328704K, used 317753K [0x0000000080000000, 0x0000000100000000)
  region size 1024K, 16 young (16384K), 2 survivors (2048K)
 Metaspace       used 117585K, committed 119104K, reserved 720896K
  class space    used 16194K, committed 16896K, reserved 589824K
}
Event: 102.532 GC heap after
{Heap after GC invocations=101 (full 0):
 garbage-first heap   total 328704K, used 296093K [0x0000000080000000, 0x0000000100000000)
  region size 1024K, 2 young (2048K), 2 survivors (2048K)
 Metaspace       used 117585K, committed 119104K, reserved 720896K
  class space    used 16194K, committed 16896K, reserved 589824K
}
Event: 103.213 GC heap before
{Heap before GC invocations=101 (full 0):
 garbage-first heap   total 519168K, used 309405K [0x0000000080000000, 0x0000000100000000)
  region size 1024K, 16 young (16384K), 2 survivors (2048K)
 Metaspace       used 117823K, committed 119296K, reserved 720896K
  class space    used 16233K, committed 16896K, reserved 589824K
}
Event: 103.233 GC heap after
{Heap after GC invocations=102 (full 0):
 garbage-first heap   total 519168K, used 301577K [0x0000000080000000, 0x0000000100000000)
  region size 1024K, 2 young (2048K), 2 survivors (2048K)
 Metaspace       used 117823K, committed 119296K, reserved 720896K
  class space    used 16233K, committed 16896K, reserved 589824K
}
Event: 107.737 GC heap before
{Heap before GC invocations=103 (full 0):
 garbage-first heap   total 519168K, used 413193K [0x0000000080000000, 0x0000000100000000)
  region size 1024K, 108 young (110592K), 2 survivors (2048K)
 Metaspace       used 122065K, committed 123584K, reserved 720896K
  class space    used 16992K, committed 17664K, reserved 589824K
}
Event: 107.871 GC heap after
{Heap after GC invocations=104 (full 0):
 garbage-first heap   total 519168K, used 340420K [0x0000000080000000, 0x0000000100000000)
  region size 1024K, 14 young (14336K), 14 survivors (14336K)
 Metaspace       used 122065K, committed 123584K, reserved 720896K
  class space    used 16992K, committed 17664K, reserved 589824K
}
Event: 108.112 GC heap before
{Heap before GC invocations=104 (full 0):
 garbage-first heap   total 519168K, used 350660K [0x0000000080000000, 0x0000000100000000)
  region size 1024K, 25 young (25600K), 14 survivors (14336K)
 Metaspace       used 122100K, committed 123584K, reserved 720896K
  class space    used 16994K, committed 17664K, reserved 589824K
}
Event: 108.212 GC heap after
{Heap after GC invocations=105 (full 0):
 garbage-first heap   total 519168K, used 329215K [0x0000000080000000, 0x0000000100000000)
  region size 1024K, 4 young (4096K), 4 survivors (4096K)
 Metaspace       used 122100K, committed 123584K, reserved 720896K
  class space    used 16994K, committed 17664K, reserved 589824K
}
Event: 110.380 GC heap before
{Heap before GC invocations=105 (full 0):
 garbage-first heap   total 519168K, used 409087K [0x0000000080000000, 0x0000000100000000)
  region size 1024K, 82 young (83968K), 4 survivors (4096K)
 Metaspace       used 122162K, committed 123648K, reserved 720896K
  class space    used 17001K, committed 17664K, reserved 589824K
}
Event: 110.475 GC heap after
{Heap after GC invocations=106 (full 0):
 garbage-first heap   total 519168K, used 369663K [0x0000000080000000, 0x0000000100000000)
  region size 1024K, 11 young (11264K), 11 survivors (11264K)
 Metaspace       used 122162K, committed 123648K, reserved 720896K
  class space    used 17001K, committed 17664K, reserved 589824K
}
Event: 113.710 GC heap before
{Heap before GC invocations=106 (full 0):
 garbage-first heap   total 519168K, used 419839K [0x0000000080000000, 0x0000000100000000)
  region size 1024K, 60 young (61440K), 11 survivors (11264K)
 Metaspace       used 124950K, committed 126464K, reserved 720896K
  class space    used 17357K, committed 18048K, reserved 589824K
}

