# JRE version: Java(TM) SE Runtime Environment (17.0.11+7) (build 17.0.11+7-LTS-207)
# Java VM: Java HotSpot(TM) 64-Bit Server VM (17.0.11+7-LTS-207, mixed mode, sharing, tiered, compressed oops, compressed class ptrs, g1 gc, windows-amd64)
GC Precious Log:
 CPUs: 4 total, 4 available
 Memory: 8070M
 Large Page Support: Disabled
 NUMA Support: Disabled
 Compressed Oops: Enabled (Zero based)
 Heap Region Size: 2M
 Heap Min Capacity: 8M
 Heap Initial Capacity: 128M
 Heap Max Capacity: 4G
 Pre-touch: Disabled
 Parallel Workers: 4
 Concurrent Workers: 1
 Concurrent Refinement Workers: 4
 Periodic GC: Disabled
Heap:
 garbage-first heap   total 929792K, used 824419K [0x0000000700000000, 0x0000000800000000)
  region size 2048K, 10 young (20480K), 4 survivors (8192K)
 Metaspace       used 111326K, committed 113088K, reserved 720896K
  class space    used 15509K, committed 16320K, reserved 589824K
GC Heap History (20 events):
Event: 101.256 GC heap before
{Heap before GC invocations=72 (full 0):
 garbage-first heap   total 477184K, used 334402K [0x0000000700000000, 0x0000000800000000)
  region size 2048K, 18 young (36864K), 6 survivors (12288K)
 Metaspace       used 111325K, committed 113088K, reserved 720896K
  class space    used 15509K, committed 16320K, reserved 589824K
}
Event: 101.272 GC heap after
{Heap after GC invocations=73 (full 0):
 garbage-first heap   total 477184K, used 287967K [0x0000000700000000, 0x0000000800000000)
  region size 2048K, 6 young (12288K), 6 survivors (12288K)
 Metaspace       used 111325K, committed 113088K, reserved 720896K
  class space    used 15509K, committed 16320K, reserved 589824K
}
Event: 101.487 GC heap before
{Heap before GC invocations=73 (full 0):
 garbage-first heap   total 477184K, used 324831K [0x0000000700000000, 0x0000000800000000)
  region size 2048K, 15 young (30720K), 6 survivors (12288K)
 Metaspace       used 111325K, committed 113088K, reserved 720896K
  class space    used 15509K, committed 16320K, reserved 589824K
}
Event: 101.492 GC heap after
{Heap after GC invocations=74 (full 0):
 garbage-first heap   total 477184K, used 295593K [0x0000000700000000, 0x0000000800000000)
  region size 2048K, 7 young (14336K), 7 survivors (14336K)
 Metaspace       used 111325K, committed 113088K, reserved 720896K
  class space    used 15509K, committed 16320K, reserved 589824K
}
Event: 101.554 GC heap before
{Heap before GC invocations=74 (full 0):
 garbage-first heap   total 477184K, used 311977K [0x0000000700000000, 0x0000000800000000)
  region size 2048K, 8 young (16384K), 7 survivors (14336K)
 Metaspace       used 111325K, committed 113088K, reserved 720896K
  class space    used 15509K, committed 16320K, reserved 589824K
}
Event: 101.558 GC heap after
{Heap after GC invocations=75 (full 0):
 garbage-first heap   total 477184K, used 299135K [0x0000000700000000, 0x0000000800000000)
  region size 2048K, 3 young (6144K), 3 survivors (6144K)
 Metaspace       used 111325K, committed 113088K, reserved 720896K
  class space    used 15509K, committed 16320K, reserved 589824K
}
Event: 101.762 GC heap before
{Heap before GC invocations=75 (full 0):
 garbage-first heap   total 477184K, used 329855K [0x0000000700000000, 0x0000000800000000)
  region size 2048K, 13 young (26624K), 3 survivors (6144K)
 Metaspace       used 111325K, committed 113088K, reserved 720896K
  class space    used 15509K, committed 16320K, reserved 589824K
}
Event: 101.769 GC heap after
{Heap after GC invocations=76 (full 0):
 garbage-first heap   total 632832K, used 308568K [0x0000000700000000, 0x0000000800000000)
  region size 2048K, 6 young (12288K), 6 survivors (12288K)
 Metaspace       used 111325K, committed 113088K, reserved 720896K
  class space    used 15509K, committed 16320K, reserved 589824K
}
Event: 102.540 GC heap before
{Heap before GC invocations=76 (full 0):
 garbage-first heap   total 632832K, used 406872K [0x0000000700000000, 0x0000000800000000)
  region size 2048K, 18 young (36864K), 6 survivors (12288K)
 Metaspace       used 111325K, committed 113088K, reserved 720896K
  class space    used 15509K, committed 16320K, reserved 589824K
}
Event: 102.560 GC heap after
{Heap after GC invocations=77 (full 0):
 garbage-first heap   total 632832K, used 340408K [0x0000000700000000, 0x0000000800000000)
  region size 2048K, 9 young (18432K), 9 survivors (18432K)
 Metaspace       used 111325K, committed 113088K, reserved 720896K
  class space    used 15509K, committed 16320K, reserved 589824K
}
Event: 102.803 GC heap before
{Heap before GC invocations=77 (full 0):
 garbage-first heap   total 632832K, used 375224K [0x0000000700000000, 0x0000000800000000)
  region size 2048K, 10 young (20480K), 9 survivors (18432K)
 Metaspace       used 111325K, committed 113088K, reserved 720896K
  class space    used 15509K, committed 16320K, reserved 589824K
}
Event: 102.809 GC heap after
{Heap after GC invocations=78 (full 0):
 garbage-first heap   total 632832K, used 356135K [0x0000000700000000, 0x0000000800000000)
  region size 2048K, 3 young (6144K), 3 survivors (6144K)
 Metaspace       used 111325K, committed 113088K, reserved 720896K
  class space    used 15509K, committed 16320K, reserved 589824K
}
Event: 102.831 GC heap before
{Heap before GC invocations=78 (full 0):
 garbage-first heap   total 632832K, used 423719K [0x0000000700000000, 0x0000000800000000)
  region size 2048K, 4 young (8192K), 3 survivors (6144K)
 Metaspace       used 111325K, committed 113088K, reserved 720896K
  class space    used 15509K, committed 16320K, reserved 589824K
}
Event: 102.835 GC heap after
{Heap after GC invocations=79 (full 0):
 garbage-first heap   total 632832K, used 388948K [0x0000000700000000, 0x0000000800000000)
  region size 2048K, 3 young (6144K), 3 survivors (6144K)
 Metaspace       used 111325K, committed 113088K, reserved 720896K
  class space    used 15509K, committed 16320K, reserved 589824K
}
Event: 107.309 GC heap before
{Heap before GC invocations=80 (full 0):
 garbage-first heap   total 929792K, used 874324K [0x0000000700000000, 0x0000000800000000)
  region size 2048K, 67 young (137216K), 3 survivors (6144K)
 Metaspace       used 111325K, committed 113088K, reserved 720896K
  class space    used 15509K, committed 16320K, reserved 589824K
}
Event: 107.378 GC heap after
{Heap after GC invocations=81 (full 0):
 garbage-first heap   total 929792K, used 478342K [0x0000000700000000, 0x0000000800000000)
  region size 2048K, 9 young (18432K), 9 survivors (18432K)
 Metaspace       used 111325K, committed 113088K, reserved 720896K
  class space    used 15509K, committed 16320K, reserved 589824K
}
Event: 108.888 GC heap before
{Heap before GC invocations=81 (full 0):
 garbage-first heap   total 929792K, used 756870K [0x0000000700000000, 0x0000000800000000)
  region size 2048K, 22 young (45056K), 9 survivors (18432K)
 Metaspace       used 111326K, committed 113088K, reserved 720896K
  class space    used 15509K, committed 16320K, reserved 589824K
}
Event: 108.953 GC heap after
{Heap after GC invocations=82 (full 0):
 garbage-first heap   total 929792K, used 537160K [0x0000000700000000, 0x0000000800000000)
  region size 2048K, 3 young (6144K), 3 survivors (6144K)
 Metaspace       used 111326K, committed 113088K, reserved 720896K
  class space    used 15509K, committed 16320K, reserved 589824K
}
Event: 108.968 GC heap before
{Heap before GC invocations=82 (full 0):
 garbage-first heap   total 929792K, used 537160K [0x0000000700000000, 0x0000000800000000)
  region size 2048K, 5 young (10240K), 3 survivors (6144K)
 Metaspace       used 111326K, committed 113088K, reserved 720896K
  class space    used 15509K, committed 16320K, reserved 589824K
}
Event: 109.025 GC heap after
{Heap after GC invocations=83 (full 0):
 garbage-first heap   total 929792K, used 537699K [0x0000000700000000, 0x0000000800000000)
  region size 2048K, 4 young (8192K), 4 survivors (8192K)
 Metaspace       used 111326K, committed 113088K, reserved 720896K
  class space    used 15509K, committed 16320K, reserved 589824K
}

