# JRE version: Java(TM) SE Runtime Environment (17.0.11+7) (build 17.0.11+7-LTS-207)
# Java VM: Java HotSpot(TM) 64-Bit Server VM (17.0.11+7-LTS-207, mixed mode, sharing, tiered, compressed oops, compressed class ptrs, g1 gc, windows-amd64)
GC Precious Log:
 CPUs: 4 total, 4 available
 Memory: 8070M
 Large Page Support: Disabled
 NUMA Support: Disabled
 Compressed Oops: Enabled (32-bit)
 Heap Region Size: 1M
 Heap Min Capacity: 8M
 Heap Initial Capacity: 128M
 Heap Max Capacity: 2018M
 Pre-touch: Disabled
 Parallel Workers: 4
 Concurrent Workers: 1
 Concurrent Refinement Workers: 4
 Periodic GC: Disabled
Heap:
 garbage-first heap   total 187392K, used 140897K [0x0000000081e00000, 0x0000000100000000)
  region size 1024K, 23 young (23552K), 4 survivors (4096K)
 Metaspace       used 74862K, committed 75136K, reserved 1179648K
  class space    used 7907K, committed 8064K, reserved 1048576K
GC Heap History (20 events):
Event: 157.533 GC heap before
{Heap before GC invocations=82 (full 0):
 garbage-first heap   total 155648K, used 128059K [0x0000000081e00000, 0x0000000100000000)
  region size 1024K, 18 young (18432K), 2 survivors (2048K)
 Metaspace       used 71405K, committed 71680K, reserved 1114112K
  class space    used 7662K, committed 7808K, reserved 1048576K
}
Event: 157.542 GC heap after
{Heap after GC invocations=83 (full 0):
 garbage-first heap   total 155648K, used 114340K [0x0000000081e00000, 0x0000000100000000)
  region size 1024K, 3 young (3072K), 3 survivors (3072K)
 Metaspace       used 71405K, committed 71680K, reserved 1114112K
  class space    used 7662K, committed 7808K, reserved 1048576K
}
Event: 158.449 GC heap before
{Heap before GC invocations=83 (full 0):
 garbage-first heap   total 155648K, used 129700K [0x0000000081e00000, 0x0000000100000000)
  region size 1024K, 19 young (19456K), 3 survivors (3072K)
 Metaspace       used 72752K, committed 73088K, reserved 1179648K
  class space    used 7777K, committed 7936K, reserved 1048576K
}
Event: 158.459 GC heap after
{Heap after GC invocations=84 (full 0):
 garbage-first heap   total 155648K, used 115319K [0x0000000081e00000, 0x0000000100000000)
  region size 1024K, 2 young (2048K), 2 survivors (2048K)
 Metaspace       used 72752K, committed 73088K, reserved 1179648K
  class space    used 7777K, committed 7936K, reserved 1048576K
}
Event: 158.940 GC heap before
{Heap before GC invocations=84 (full 0):
 garbage-first heap   total 155648K, used 130679K [0x0000000081e00000, 0x0000000100000000)
  region size 1024K, 17 young (17408K), 2 survivors (2048K)
 Metaspace       used 72995K, committed 73280K, reserved 1179648K
  class space    used 7800K, committed 7936K, reserved 1048576K
}
Event: 158.947 GC heap after
{Heap after GC invocations=85 (full 0):
 garbage-first heap   total 155648K, used 116187K [0x0000000081e00000, 0x0000000100000000)
  region size 1024K, 2 young (2048K), 2 survivors (2048K)
 Metaspace       used 72995K, committed 73280K, reserved 1179648K
  class space    used 7800K, committed 7936K, reserved 1048576K
}
Event: 159.448 GC heap before
{Heap before GC invocations=85 (full 0):
 garbage-first heap   total 155648K, used 131547K [0x0000000081e00000, 0x0000000100000000)
  region size 1024K, 17 young (17408K), 2 survivors (2048K)
 Metaspace       used 73050K, committed 73344K, reserved 1179648K
  class space    used 7806K, committed 7936K, reserved 1048576K
}
Event: 159.460 GC heap after
{Heap after GC invocations=86 (full 0):
 garbage-first heap   total 155648K, used 117184K [0x0000000081e00000, 0x0000000100000000)
  region size 1024K, 2 young (2048K), 2 survivors (2048K)
 Metaspace       used 73050K, committed 73344K, reserved 1179648K
  class space    used 7806K, committed 7936K, reserved 1048576K
}
Event: 161.382 GC heap before
{Heap before GC invocations=86 (full 0):
 garbage-first heap   total 155648K, used 132544K [0x0000000081e00000, 0x0000000100000000)
  region size 1024K, 17 young (17408K), 2 survivors (2048K)
 Metaspace       used 73453K, committed 73792K, reserved 1179648K
  class space    used 7831K, committed 8000K, reserved 1048576K
}
Event: 161.394 GC heap after
{Heap after GC invocations=87 (full 0):
 garbage-first heap   total 155648K, used 118258K [0x0000000081e00000, 0x0000000100000000)
  region size 1024K, 2 young (2048K), 2 survivors (2048K)
 Metaspace       used 73453K, committed 73792K, reserved 1179648K
  class space    used 7831K, committed 8000K, reserved 1048576K
}
Event: 162.610 GC heap before
{Heap before GC invocations=87 (full 0):
 garbage-first heap   total 155648K, used 133618K [0x0000000081e00000, 0x0000000100000000)
  region size 1024K, 17 young (17408K), 2 survivors (2048K)
 Metaspace       used 73951K, committed 74240K, reserved 1179648K
  class space    used 7871K, committed 8000K, reserved 1048576K
}
Event: 162.619 GC heap after
{Heap after GC invocations=88 (full 0):
 garbage-first heap   total 155648K, used 118611K [0x0000000081e00000, 0x0000000100000000)
  region size 1024K, 2 young (2048K), 2 survivors (2048K)
 Metaspace       used 73951K, committed 74240K, reserved 1179648K
  class space    used 7871K, committed 8000K, reserved 1048576K
}
Event: 163.181 GC heap before
{Heap before GC invocations=88 (full 0):
 garbage-first heap   total 155648K, used 133971K [0x0000000081e00000, 0x0000000100000000)
  region size 1024K, 17 young (17408K), 2 survivors (2048K)
 Metaspace       used 74139K, committed 74432K, reserved 1179648K
  class space    used 7875K, committed 8000K, reserved 1048576K
}
Event: 163.190 GC heap after
{Heap after GC invocations=89 (full 0):
 garbage-first heap   total 155648K, used 119450K [0x0000000081e00000, 0x0000000100000000)
  region size 1024K, 3 young (3072K), 3 survivors (3072K)
 Metaspace       used 74139K, committed 74432K, reserved 1179648K
  class space    used 7875K, committed 8000K, reserved 1048576K
}
Event: 163.905 GC heap before
{Heap before GC invocations=89 (full 0):
 garbage-first heap   total 155648K, used 133786K [0x0000000081e00000, 0x0000000100000000)
  region size 1024K, 17 young (17408K), 3 survivors (3072K)
 Metaspace       used 74222K, committed 74560K, reserved 1179648K
  class space    used 7883K, committed 8064K, reserved 1048576K
}
Event: 163.914 GC heap after
{Heap after GC invocations=90 (full 0):
 garbage-first heap   total 187392K, used 119617K [0x0000000081e00000, 0x0000000100000000)
  region size 1024K, 2 young (2048K), 2 survivors (2048K)
 Metaspace       used 74222K, committed 74560K, reserved 1179648K
  class space    used 7883K, committed 8064K, reserved 1048576K
}
Event: 167.143 GC heap before
{Heap before GC invocations=90 (full 0):
 garbage-first heap   total 187392K, used 156481K [0x0000000081e00000, 0x0000000100000000)
  region size 1024K, 38 young (38912K), 2 survivors (2048K)
 Metaspace       used 74561K, committed 74880K, reserved 1179648K
  class space    used 7904K, committed 8064K, reserved 1048576K
}
Event: 167.161 GC heap after
{Heap after GC invocations=91 (full 0):
 garbage-first heap   total 187392K, used 121251K [0x0000000081e00000, 0x0000000100000000)
  region size 1024K, 3 young (3072K), 3 survivors (3072K)
 Metaspace       used 74561K, committed 74880K, reserved 1179648K
  class space    used 7904K, committed 8064K, reserved 1048576K
}
Event: 168.278 GC heap before
{Heap before GC invocations=91 (full 0):
 garbage-first heap   total 187392K, used 158115K [0x0000000081e00000, 0x0000000100000000)
  region size 1024K, 39 young (39936K), 3 survivors (3072K)
 Metaspace       used 74728K, committed 75008K, reserved 1179648K
  class space    used 7906K, committed 8064K, reserved 1048576K
}
Event: 168.297 GC heap after
{Heap after GC invocations=92 (full 0):
 garbage-first heap   total 187392K, used 122465K [0x0000000081e00000, 0x0000000100000000)
  region size 1024K, 4 young (4096K), 4 survivors (4096K)
 Metaspace       used 74728K, committed 75008K, reserved 1179648K
  class space    used 7906K, committed 8064K, reserved 1048576K
}

