# JRE version: Java(TM) SE Runtime Environment (17.0.11+7) (build 17.0.11+7-LTS-207)
# Java VM: Java HotSpot(TM) 64-Bit Server VM (17.0.11+7-LTS-207, mixed mode, sharing, tiered, compressed oops, compressed class ptrs, g1 gc, windows-amd64)
GC Precious Log:
 CPUs: 4 total, 4 available
 Memory: 8070M
 Large Page Support: Disabled
 NUMA Support: Disabled
 Compressed Oops: Enabled (Zero based)
 Heap Region Size: 2M
 Heap Min Capacity: 8M
 Heap Initial Capacity: 128M
 Heap Max Capacity: 4G
 Pre-touch: Disabled
 Parallel Workers: 4
 Concurrent Workers: 1
 Concurrent Refinement Workers: 4
 Periodic GC: Disabled
Heap:
 garbage-first heap   total 366592K, used 252178K [0x0000000700000000, 0x0000000800000000)
  region size 2048K, 33 young (67584K), 5 survivors (10240K)
 Metaspace       used 106128K, committed 107328K, reserved 983040K
  class space    used 14783K, committed 15360K, reserved 851968K
GC Heap History (20 events):
Event: 90.594 GC heap before
{Heap before GC invocations=38 (full 0):
 garbage-first heap   total 286720K, used 208146K [0x0000000700000000, 0x0000000800000000)
  region size 2048K, 61 young (124928K), 1 survivors (2048K)
 Metaspace       used 79566K, committed 80320K, reserved 983040K
  class space    used 11158K, committed 11520K, reserved 851968K
}
Event: 90.619 GC heap after
{Heap after GC invocations=39 (full 0):
 garbage-first heap   total 286720K, used 94550K [0x0000000700000000, 0x0000000800000000)
  region size 2048K, 5 young (10240K), 5 survivors (10240K)
 Metaspace       used 79566K, committed 80320K, reserved 983040K
  class space    used 11158K, committed 11520K, reserved 851968K
}
Event: 90.724 GC heap before
{Heap before GC invocations=39 (full 0):
 garbage-first heap   total 286720K, used 98646K [0x0000000700000000, 0x0000000800000000)
  region size 2048K, 7 young (14336K), 5 survivors (10240K)
 Metaspace       used 79884K, committed 80640K, reserved 983040K
  class space    used 11202K, committed 11584K, reserved 851968K
}
Event: 90.734 GC heap after
{Heap after GC invocations=40 (full 0):
 garbage-first heap   total 286720K, used 95010K [0x0000000700000000, 0x0000000800000000)
  region size 2048K, 1 young (2048K), 1 survivors (2048K)
 Metaspace       used 79884K, committed 80640K, reserved 983040K
  class space    used 11202K, committed 11584K, reserved 851968K
}
Event: 103.399 GC heap before
{Heap before GC invocations=40 (full 0):
 garbage-first heap   total 286720K, used 213794K [0x0000000700000000, 0x0000000800000000)
  region size 2048K, 59 young (120832K), 1 survivors (2048K)
 Metaspace       used 85104K, committed 85888K, reserved 983040K
  class space    used 11916K, committed 12288K, reserved 851968K
}
Event: 103.418 GC heap after
{Heap after GC invocations=41 (full 0):
 garbage-first heap   total 286720K, used 101864K [0x0000000700000000, 0x0000000800000000)
  region size 2048K, 4 young (8192K), 4 survivors (8192K)
 Metaspace       used 85104K, committed 85888K, reserved 983040K
  class space    used 11916K, committed 12288K, reserved 851968K
}
Event: 107.736 GC heap before
{Heap before GC invocations=41 (full 0):
 garbage-first heap   total 286720K, used 218600K [0x0000000700000000, 0x0000000800000000)
  region size 2048K, 61 young (124928K), 4 survivors (8192K)
 Metaspace       used 92143K, committed 92992K, reserved 983040K
  class space    used 13037K, committed 13440K, reserved 851968K
}
Event: 107.773 GC heap after
{Heap after GC invocations=42 (full 0):
 garbage-first heap   total 286720K, used 106843K [0x0000000700000000, 0x0000000800000000)
  region size 2048K, 7 young (14336K), 7 survivors (14336K)
 Metaspace       used 92143K, committed 92992K, reserved 983040K
  class space    used 13037K, committed 13440K, reserved 851968K
}
Event: 112.828 GC heap before
{Heap before GC invocations=42 (full 0):
 garbage-first heap   total 286720K, used 223579K [0x0000000700000000, 0x0000000800000000)
  region size 2048K, 64 young (131072K), 7 survivors (14336K)
 Metaspace       used 96467K, committed 97472K, reserved 983040K
  class space    used 13587K, committed 14080K, reserved 851968K
}
Event: 112.894 GC heap after
{Heap after GC invocations=43 (full 0):
 garbage-first heap   total 286720K, used 124345K [0x0000000700000000, 0x0000000800000000)
  region size 2048K, 8 young (16384K), 8 survivors (16384K)
 Metaspace       used 96467K, committed 97472K, reserved 983040K
  class space    used 13587K, committed 14080K, reserved 851968K
}
Event: 117.083 GC heap before
{Heap before GC invocations=43 (full 0):
 garbage-first heap   total 286720K, used 222649K [0x0000000700000000, 0x0000000800000000)
  region size 2048K, 56 young (114688K), 8 survivors (16384K)
 Metaspace       used 97791K, committed 98816K, reserved 983040K
  class space    used 13741K, committed 14208K, reserved 851968K
}
Event: 117.143 GC heap after
{Heap after GC invocations=44 (full 0):
 garbage-first heap   total 286720K, used 143846K [0x0000000700000000, 0x0000000800000000)
  region size 2048K, 7 young (14336K), 7 survivors (14336K)
 Metaspace       used 97791K, committed 98816K, reserved 983040K
  class space    used 13741K, committed 14208K, reserved 851968K
}
Event: 120.171 GC heap before
{Heap before GC invocations=44 (full 0):
 garbage-first heap   total 286720K, used 219622K [0x0000000700000000, 0x0000000800000000)
  region size 2048K, 44 young (90112K), 7 survivors (14336K)
 Metaspace       used 98346K, committed 99456K, reserved 983040K
  class space    used 13791K, committed 14272K, reserved 851968K
}
Event: 120.219 GC heap after
{Heap after GC invocations=45 (full 0):
 garbage-first heap   total 286720K, used 160005K [0x0000000700000000, 0x0000000800000000)
  region size 2048K, 6 young (12288K), 6 survivors (12288K)
 Metaspace       used 98346K, committed 99456K, reserved 983040K
  class space    used 13791K, committed 14272K, reserved 851968K
}
Event: 123.391 GC heap before
{Heap before GC invocations=45 (full 0):
 garbage-first heap   total 286720K, used 221445K [0x0000000700000000, 0x0000000800000000)
  region size 2048K, 37 young (75776K), 6 survivors (12288K)
 Metaspace       used 98903K, committed 100032K, reserved 983040K
  class space    used 13856K, committed 14400K, reserved 851968K
}
Event: 123.437 GC heap after
{Heap after GC invocations=46 (full 0):
 garbage-first heap   total 366592K, used 176244K [0x0000000700000000, 0x0000000800000000)
  region size 2048K, 5 young (10240K), 5 survivors (10240K)
 Metaspace       used 98903K, committed 100032K, reserved 983040K
  class space    used 13856K, committed 14400K, reserved 851968K
}
Event: 128.409 GC heap before
{Heap before GC invocations=46 (full 0):
 garbage-first heap   total 366592K, used 270452K [0x0000000700000000, 0x0000000800000000)
  region size 2048K, 51 young (104448K), 5 survivors (10240K)
 Metaspace       used 103834K, committed 105088K, reserved 983040K
  class space    used 14550K, committed 15168K, reserved 851968K
}
Event: 128.438 GC heap after
{Heap after GC invocations=47 (full 0):
 garbage-first heap   total 366592K, used 188349K [0x0000000700000000, 0x0000000800000000)
  region size 2048K, 5 young (10240K), 5 survivors (10240K)
 Metaspace       used 103834K, committed 105088K, reserved 983040K
  class space    used 14550K, committed 15168K, reserved 851968K
}
Event: 131.139 GC heap before
{Heap before GC invocations=47 (full 0):
 garbage-first heap   total 366592K, used 278461K [0x0000000700000000, 0x0000000800000000)
  region size 2048K, 49 young (100352K), 5 survivors (10240K)
 Metaspace       used 105666K, committed 106944K, reserved 983040K
  class space    used 14738K, committed 15360K, reserved 851968K
}
Event: 131.174 GC heap after
{Heap after GC invocations=48 (full 0):
 garbage-first heap   total 366592K, used 196882K [0x0000000700000000, 0x0000000800000000)
  region size 2048K, 5 young (10240K), 5 survivors (10240K)
 Metaspace       used 105666K, committed 106944K, reserved 983040K
  class space    used 14738K, committed 15360K, reserved 851968K
}

