# JRE version: Java(TM) SE Runtime Environment (17.0.11+7) (build 17.0.11+7-LTS-207)
# Java VM: Java HotSpot(TM) 64-Bit Server VM (17.0.11+7-LTS-207, mixed mode, sharing, tiered, compressed oops, compressed class ptrs, g1 gc, windows-amd64)
GC Precious Log:
 CPUs: 4 total, 4 available
 Memory: 8070M
 Large Page Support: Disabled
 NUMA Support: Disabled
 Compressed Oops: Enabled (Zero based)
 Heap Region Size: 2M
 Heap Min Capacity: 8M
 Heap Initial Capacity: 128M
 Heap Max Capacity: 3048M
 Pre-touch: Disabled
 Parallel Workers: 4
 Concurrent Workers: 1
 Concurrent Refinement Workers: 4
 Periodic GC: Disabled
Heap:
 garbage-first heap   total 1046528K, used 785349K [0x0000000741800000, 0x0000000800000000)
  region size 2048K, 7 young (14336K), 1 survivors (2048K)
 Metaspace       used 104748K, committed 105920K, reserved 638976K
  class space    used 14649K, committed 15232K, reserved 507904K
GC Heap History (20 events):
Event: 82.435 GC heap before
{Heap before GC invocations=60 (full 0):
 garbage-first heap   total 468992K, used 214343K [0x0000000741800000, 0x0000000800000000)
  region size 2048K, 7 young (14336K), 6 survivors (12288K)
 Metaspace       used 104746K, committed 105920K, reserved 638976K
  class space    used 14649K, committed 15232K, reserved 507904K
}
Event: 82.442 GC heap after
{Heap after GC invocations=61 (full 0):
 garbage-first heap   total 563200K, used 210215K [0x0000000741800000, 0x0000000800000000)
  region size 2048K, 4 young (8192K), 4 survivors (8192K)
 Metaspace       used 104746K, committed 105920K, reserved 638976K
  class space    used 14649K, committed 15232K, reserved 507904K
}
Event: 82.453 GC heap before
{Heap before GC invocations=61 (full 0):
 garbage-first heap   total 563200K, used 214311K [0x0000000741800000, 0x0000000800000000)
  region size 2048K, 5 young (10240K), 4 survivors (8192K)
 Metaspace       used 104746K, committed 105920K, reserved 638976K
  class space    used 14649K, committed 15232K, reserved 507904K
}
Event: 82.460 GC heap after
{Heap after GC invocations=62 (full 0):
 garbage-first heap   total 563200K, used 208712K [0x0000000741800000, 0x0000000800000000)
  region size 2048K, 5 young (10240K), 5 survivors (10240K)
 Metaspace       used 104746K, committed 105920K, reserved 638976K
  class space    used 14649K, committed 15232K, reserved 507904K
}
Event: 83.603 GC heap before
{Heap before GC invocations=63 (full 0):
 garbage-first heap   total 587776K, used 552776K [0x0000000741800000, 0x0000000800000000)
  region size 2048K, 43 young (88064K), 5 survivors (10240K)
 Metaspace       used 104746K, committed 105920K, reserved 638976K
  class space    used 14649K, committed 15232K, reserved 507904K
}
Event: 83.624 GC heap after
{Heap after GC invocations=64 (full 0):
 garbage-first heap   total 589824K, used 291298K [0x0000000741800000, 0x0000000800000000)
  region size 2048K, 13 young (26624K), 13 survivors (26624K)
 Metaspace       used 104746K, committed 105920K, reserved 638976K
  class space    used 14649K, committed 15232K, reserved 507904K
}
Event: 83.632 GC heap before
{Heap before GC invocations=64 (full 0):
 garbage-first heap   total 589824K, used 295394K [0x0000000741800000, 0x0000000800000000)
  region size 2048K, 14 young (28672K), 13 survivors (26624K)
 Metaspace       used 104746K, committed 105920K, reserved 638976K
  class space    used 14649K, committed 15232K, reserved 507904K
}
Event: 83.638 GC heap after
{Heap after GC invocations=65 (full 0):
 garbage-first heap   total 589824K, used 291189K [0x0000000741800000, 0x0000000800000000)
  region size 2048K, 1 young (2048K), 1 survivors (2048K)
 Metaspace       used 104746K, committed 105920K, reserved 638976K
  class space    used 14649K, committed 15232K, reserved 507904K
}
Event: 83.859 GC heap before
{Heap before GC invocations=65 (full 0):
 garbage-first heap   total 589824K, used 387445K [0x0000000741800000, 0x0000000800000000)
  region size 2048K, 15 young (30720K), 1 survivors (2048K)
 Metaspace       used 104746K, committed 105920K, reserved 638976K
  class space    used 14649K, committed 15232K, reserved 507904K
}
Event: 83.864 GC heap after
{Heap after GC invocations=66 (full 0):
 garbage-first heap   total 589824K, used 318032K [0x0000000741800000, 0x0000000800000000)
  region size 2048K, 5 young (10240K), 5 survivors (10240K)
 Metaspace       used 104746K, committed 105920K, reserved 638976K
  class space    used 14649K, committed 15232K, reserved 507904K
}
Event: 83.914 GC heap before
{Heap before GC invocations=66 (full 0):
 garbage-first heap   total 589824K, used 328272K [0x0000000741800000, 0x0000000800000000)
  region size 2048K, 6 young (12288K), 5 survivors (10240K)
 Metaspace       used 104746K, committed 105920K, reserved 638976K
  class space    used 14649K, committed 15232K, reserved 507904K
}
Event: 83.917 GC heap after
{Heap after GC invocations=67 (full 0):
 garbage-first heap   total 589824K, used 322518K [0x0000000741800000, 0x0000000800000000)
  region size 2048K, 5 young (10240K), 5 survivors (10240K)
 Metaspace       used 104746K, committed 105920K, reserved 638976K
  class space    used 14649K, committed 15232K, reserved 507904K
}
Event: 87.739 GC heap before
{Heap before GC invocations=68 (full 0):
 garbage-first heap   total 1046528K, used 967638K [0x0000000741800000, 0x0000000800000000)
  region size 2048K, 7 young (14336K), 5 survivors (10240K)
 Metaspace       used 104746K, committed 105920K, reserved 638976K
  class space    used 14649K, committed 15232K, reserved 507904K
}
Event: 87.746 GC heap after
{Heap after GC invocations=69 (full 0):
 garbage-first heap   total 1046528K, used 508273K [0x0000000741800000, 0x0000000800000000)
  region size 2048K, 5 young (10240K), 5 survivors (10240K)
 Metaspace       used 104746K, committed 105920K, reserved 638976K
  class space    used 14649K, committed 15232K, reserved 507904K
}
Event: 88.059 GC heap before
{Heap before GC invocations=69 (full 0):
 garbage-first heap   total 1046528K, used 670065K [0x0000000741800000, 0x0000000800000000)
  region size 2048K, 25 young (51200K), 5 survivors (10240K)
 Metaspace       used 104747K, committed 105920K, reserved 638976K
  class space    used 14649K, committed 15232K, reserved 507904K
}
Event: 88.066 GC heap after
{Heap after GC invocations=70 (full 0):
 garbage-first heap   total 1046528K, used 532855K [0x0000000741800000, 0x0000000800000000)
  region size 2048K, 4 young (8192K), 4 survivors (8192K)
 Metaspace       used 104747K, committed 105920K, reserved 638976K
  class space    used 14649K, committed 15232K, reserved 507904K
}
Event: 89.064 GC heap before
{Heap before GC invocations=70 (full 0):
 garbage-first heap   total 1046528K, used 868727K [0x0000000741800000, 0x0000000800000000)
  region size 2048K, 55 young (112640K), 4 survivors (8192K)
 Metaspace       used 104747K, committed 105920K, reserved 638976K
  class space    used 14649K, committed 15232K, reserved 507904K
}
Event: 89.074 GC heap after
{Heap after GC invocations=71 (full 0):
 garbage-first heap   total 1046528K, used 612233K [0x0000000741800000, 0x0000000800000000)
  region size 2048K, 17 young (34816K), 17 survivors (34816K)
 Metaspace       used 104747K, committed 105920K, reserved 638976K
  class space    used 14649K, committed 15232K, reserved 507904K
}
Event: 89.101 GC heap before
{Heap before GC invocations=71 (full 0):
 garbage-first heap   total 1046528K, used 622473K [0x0000000741800000, 0x0000000800000000)
  region size 2048K, 18 young (36864K), 17 survivors (34816K)
 Metaspace       used 104747K, committed 105920K, reserved 638976K
  class space    used 14649K, committed 15232K, reserved 507904K
}
Event: 89.108 GC heap after
{Heap after GC invocations=72 (full 0):
 garbage-first heap   total 1046528K, used 615365K [0x0000000741800000, 0x0000000800000000)
  region size 2048K, 1 young (2048K), 1 survivors (2048K)
 Metaspace       used 104747K, committed 105920K, reserved 638976K
  class space    used 14649K, committed 15232K, reserved 507904K
}

