# JRE version: OpenJDK Runtime Environment OpenLogic-OpenJDK (17.0.10+7) (build 17.0.10+7-adhoc..jdk17u)
# Java VM: OpenJDK 64-Bit Server VM OpenLogic-OpenJDK (17.0.10+7-adhoc..jdk17u, mixed mode, sharing, tiered, compressed oops, compressed class ptrs, g1 gc, windows-amd64)
GC Precious Log:
 CPUs: 4 total, 4 available
 Memory: 8070M
 Large Page Support: Disabled
 NUMA Support: Disabled
 Compressed Oops: Enabled (32-bit)
 Heap Region Size: 1M
 Heap Min Capacity: 8M
 Heap Initial Capacity: 128M
 Heap Max Capacity: 2018M
 Pre-touch: Disabled
 Parallel Workers: 4
 Concurrent Workers: 1
 Concurrent Refinement Workers: 4
 Periodic GC: Disabled
Heap:
 garbage-first heap   total 75776K, used 51271K [0x0000000081e00000, 0x0000000100000000)
  region size 1024K, 12 young (12288K), 1 survivors (1024K)
 Metaspace       used 51389K, committed 51648K, reserved 1114112K
  class space    used 6189K, committed 6336K, reserved 1048576K
GC Heap History (20 events):
Event: 27.107 GC heap before
{Heap before GC invocations=6 (full 0):
 garbage-first heap   total 55296K, used 42776K [0x0000000081e00000, 0x0000000100000000)
  region size 1024K, 23 young (23552K), 2 survivors (2048K)
 Metaspace       used 33474K, committed 33664K, reserved 1114112K
  class space    used 4163K, committed 4224K, reserved 1048576K
}
Event: 27.133 GC heap after
{Heap after GC invocations=7 (full 0):
 garbage-first heap   total 55296K, used 24955K [0x0000000081e00000, 0x0000000100000000)
  region size 1024K, 3 young (3072K), 3 survivors (3072K)
 Metaspace       used 33474K, committed 33664K, reserved 1114112K
  class space    used 4163K, committed 4224K, reserved 1048576K
}
Event: 27.425 GC heap before
{Heap before GC invocations=7 (full 0):
 garbage-first heap   total 55296K, used 41339K [0x0000000081e00000, 0x0000000100000000)
  region size 1024K, 19 young (19456K), 3 survivors (3072K)
 Metaspace       used 33556K, committed 33728K, reserved 1114112K
  class space    used 4163K, committed 4224K, reserved 1048576K
}
Event: 27.439 GC heap after
{Heap after GC invocations=8 (full 0):
 garbage-first heap   total 55296K, used 25925K [0x0000000081e00000, 0x0000000100000000)
  region size 1024K, 1 young (1024K), 1 survivors (1024K)
 Metaspace       used 33556K, committed 33728K, reserved 1114112K
  class space    used 4163K, committed 4224K, reserved 1048576K
}
Event: 29.953 GC heap before
{Heap before GC invocations=8 (full 0):
 garbage-first heap   total 55296K, used 41285K [0x0000000081e00000, 0x0000000100000000)
  region size 1024K, 17 young (17408K), 1 survivors (1024K)
 Metaspace       used 35682K, committed 35968K, reserved 1114112K
  class space    used 4394K, committed 4544K, reserved 1048576K
}
Event: 29.966 GC heap after
{Heap after GC invocations=9 (full 0):
 garbage-first heap   total 66560K, used 27765K [0x0000000081e00000, 0x0000000100000000)
  region size 1024K, 3 young (3072K), 3 survivors (3072K)
 Metaspace       used 35682K, committed 35968K, reserved 1114112K
  class space    used 4394K, committed 4544K, reserved 1048576K
}
Event: 33.381 GC heap before
{Heap before GC invocations=10 (full 0):
 garbage-first heap   total 66560K, used 50293K [0x0000000081e00000, 0x0000000100000000)
  region size 1024K, 25 young (25600K), 3 survivors (3072K)
 Metaspace       used 36677K, committed 36928K, reserved 1114112K
  class space    used 4421K, committed 4544K, reserved 1048576K
}
Event: 33.403 GC heap after
{Heap after GC invocations=11 (full 0):
 garbage-first heap   total 66560K, used 31746K [0x0000000081e00000, 0x0000000100000000)
  region size 1024K, 4 young (4096K), 4 survivors (4096K)
 Metaspace       used 36677K, committed 36928K, reserved 1114112K
  class space    used 4421K, committed 4544K, reserved 1048576K
}
Event: 34.720 GC heap before
{Heap before GC invocations=11 (full 0):
 garbage-first heap   total 66560K, used 50178K [0x0000000081e00000, 0x0000000100000000)
  region size 1024K, 22 young (22528K), 4 survivors (4096K)
 Metaspace       used 37068K, committed 37312K, reserved 1114112K
  class space    used 4453K, committed 4608K, reserved 1048576K
}
Event: 34.743 GC heap after
{Heap after GC invocations=12 (full 0):
 garbage-first heap   total 66560K, used 35074K [0x0000000081e00000, 0x0000000100000000)
  region size 1024K, 3 young (3072K), 3 survivors (3072K)
 Metaspace       used 37068K, committed 37312K, reserved 1114112K
  class space    used 4453K, committed 4608K, reserved 1048576K
}
Event: 36.074 GC heap before
{Heap before GC invocations=12 (full 0):
 garbage-first heap   total 66560K, used 50434K [0x0000000081e00000, 0x0000000100000000)
  region size 1024K, 18 young (18432K), 3 survivors (3072K)
 Metaspace       used 39221K, committed 39424K, reserved 1114112K
  class space    used 4699K, committed 4800K, reserved 1048576K
}
Event: 36.093 GC heap after
{Heap after GC invocations=13 (full 0):
 garbage-first heap   total 66560K, used 36590K [0x0000000081e00000, 0x0000000100000000)
  region size 1024K, 1 young (1024K), 1 survivors (1024K)
 Metaspace       used 39221K, committed 39424K, reserved 1114112K
  class space    used 4699K, committed 4800K, reserved 1048576K
}
Event: 36.891 GC heap before
{Heap before GC invocations=14 (full 0):
 garbage-first heap   total 75776K, used 51950K [0x0000000081e00000, 0x0000000100000000)
  region size 1024K, 16 young (16384K), 1 survivors (1024K)
 Metaspace       used 41223K, committed 41472K, reserved 1114112K
  class space    used 4934K, committed 5056K, reserved 1048576K
}
Event: 36.904 GC heap after
{Heap after GC invocations=15 (full 0):
 garbage-first heap   total 75776K, used 37637K [0x0000000081e00000, 0x0000000100000000)
  region size 1024K, 2 young (2048K), 2 survivors (2048K)
 Metaspace       used 41223K, committed 41472K, reserved 1114112K
  class space    used 4934K, committed 5056K, reserved 1048576K
}
Event: 39.785 GC heap before
{Heap before GC invocations=15 (full 0):
 garbage-first heap   total 75776K, used 58117K [0x0000000081e00000, 0x0000000100000000)
  region size 1024K, 22 young (22528K), 2 survivors (2048K)
 Metaspace       used 46755K, committed 46976K, reserved 1114112K
  class space    used 5732K, committed 5824K, reserved 1048576K
}
Event: 39.802 GC heap after
{Heap after GC invocations=16 (full 0):
 garbage-first heap   total 75776K, used 39023K [0x0000000081e00000, 0x0000000100000000)
  region size 1024K, 3 young (3072K), 3 survivors (3072K)
 Metaspace       used 46755K, committed 46976K, reserved 1114112K
  class space    used 5732K, committed 5824K, reserved 1048576K
}
Event: 41.931 GC heap before
{Heap before GC invocations=17 (full 0):
 garbage-first heap   total 75776K, used 57455K [0x0000000081e00000, 0x0000000100000000)
  region size 1024K, 22 young (22528K), 3 survivors (3072K)
 Metaspace       used 50089K, committed 50368K, reserved 1114112K
  class space    used 6061K, committed 6208K, reserved 1048576K
}
Event: 41.952 GC heap after
{Heap after GC invocations=18 (full 0):
 garbage-first heap   total 75776K, used 41408K [0x0000000081e00000, 0x0000000100000000)
  region size 1024K, 3 young (3072K), 3 survivors (3072K)
 Metaspace       used 50089K, committed 50368K, reserved 1114112K
  class space    used 6061K, committed 6208K, reserved 1048576K
}
Event: 42.054 GC heap before
{Heap before GC invocations=18 (full 0):
 garbage-first heap   total 75776K, used 42432K [0x0000000081e00000, 0x0000000100000000)
  region size 1024K, 4 young (4096K), 3 survivors (3072K)
 Metaspace       used 50186K, committed 50432K, reserved 1114112K
  class space    used 6071K, committed 6208K, reserved 1048576K
}
Event: 42.101 GC heap after
{Heap after GC invocations=19 (full 0):
 garbage-first heap   total 75776K, used 42055K [0x0000000081e00000, 0x0000000100000000)
  region size 1024K, 1 young (1024K), 1 survivors (1024K)
 Metaspace       used 50186K, committed 50432K, reserved 1114112K
  class space    used 6071K, committed 6208K, reserved 1048576K
}

