# JRE version: OpenJDK Runtime Environment OpenLogic-OpenJDK (17.0.10+7) (build 17.0.10+7-adhoc..jdk17u)
# Java VM: OpenJDK 64-Bit Server VM OpenLogic-OpenJDK (17.0.10+7-adhoc..jdk17u, mixed mode, sharing, tiered, compressed oops, compressed class ptrs, g1 gc, windows-amd64)
GC Precious Log:
 CPUs: 4 total, 4 available
 Memory: 8070M
 Large Page Support: Disabled
 NUMA Support: Disabled
 Compressed Oops: Enabled (32-bit)
 Heap Region Size: 1M
 Heap Min Capacity: 8M
 Heap Initial Capacity: 128M
 Heap Max Capacity: 2G
 Pre-touch: Disabled
 Parallel Workers: 4
 Concurrent Workers: 1
 Concurrent Refinement Workers: 4
 Periodic GC: Disabled
Heap:
 garbage-first heap   total 347136K, used 237845K [0x0000000080000000, 0x0000000100000000)
  region size 1024K, 14 young (14336K), 8 survivors (8192K)
 Metaspace       used 119472K, committed 121024K, reserved 557056K
  class space    used 16292K, committed 17024K, reserved 425984K
GC Heap History (20 events):
Event: 148.223 GC heap before
{Heap before GC invocations=73 (full 0):
 garbage-first heap   total 261120K, used 225520K [0x0000000080000000, 0x0000000100000000)
  region size 1024K, 42 young (43008K), 4 survivors (4096K)
 Metaspace       used 110604K, committed 111744K, reserved 557056K
  class space    used 15321K, committed 15872K, reserved 425984K
}
Event: 148.233 GC heap after
{Heap after GC invocations=74 (full 0):
 garbage-first heap   total 261120K, used 189020K [0x0000000080000000, 0x0000000100000000)
  region size 1024K, 4 young (4096K), 4 survivors (4096K)
 Metaspace       used 110604K, committed 111744K, reserved 557056K
  class space    used 15321K, committed 15872K, reserved 425984K
}
Event: 150.215 GC heap before
{Heap before GC invocations=74 (full 0):
 garbage-first heap   total 261120K, used 225884K [0x0000000080000000, 0x0000000100000000)
  region size 1024K, 41 young (41984K), 4 survivors (4096K)
 Metaspace       used 110628K, committed 111808K, reserved 557056K
  class space    used 15321K, committed 15872K, reserved 425984K
}
Event: 150.228 GC heap after
{Heap after GC invocations=75 (full 0):
 garbage-first heap   total 261120K, used 190018K [0x0000000080000000, 0x0000000100000000)
  region size 1024K, 3 young (3072K), 3 survivors (3072K)
 Metaspace       used 110628K, committed 111808K, reserved 557056K
  class space    used 15321K, committed 15872K, reserved 425984K
}
Event: 150.546 GC heap before
{Heap before GC invocations=75 (full 0):
 garbage-first heap   total 261120K, used 200258K [0x0000000080000000, 0x0000000100000000)
  region size 1024K, 11 young (11264K), 3 survivors (3072K)
 Metaspace       used 110743K, committed 111872K, reserved 557056K
  class space    used 15335K, committed 15872K, reserved 425984K
}
Event: 150.554 GC heap after
{Heap after GC invocations=76 (full 0):
 garbage-first heap   total 261120K, used 194529K [0x0000000080000000, 0x0000000100000000)
  region size 1024K, 3 young (3072K), 3 survivors (3072K)
 Metaspace       used 110743K, committed 111872K, reserved 557056K
  class space    used 15335K, committed 15872K, reserved 425984K
}
Event: 151.563 GC heap before
{Heap before GC invocations=77 (full 0):
 garbage-first heap   total 347136K, used 221153K [0x0000000080000000, 0x0000000100000000)
  region size 1024K, 29 young (29696K), 3 survivors (3072K)
 Metaspace       used 112944K, committed 114176K, reserved 557056K
  class space    used 15552K, committed 16128K, reserved 425984K
}
Event: 151.573 GC heap after
{Heap after GC invocations=78 (full 0):
 garbage-first heap   total 347136K, used 191323K [0x0000000080000000, 0x0000000100000000)
  region size 1024K, 3 young (3072K), 3 survivors (3072K)
 Metaspace       used 112944K, committed 114176K, reserved 557056K
  class space    used 15552K, committed 16128K, reserved 425984K
}
Event: 152.131 GC heap before
{Heap before GC invocations=78 (full 0):
 garbage-first heap   total 347136K, used 203611K [0x0000000080000000, 0x0000000100000000)
  region size 1024K, 16 young (16384K), 3 survivors (3072K)
 Metaspace       used 113540K, committed 114752K, reserved 557056K
  class space    used 15616K, committed 16192K, reserved 425984K
}
Event: 152.141 GC heap after
{Heap after GC invocations=79 (full 0):
 garbage-first heap   total 347136K, used 190132K [0x0000000080000000, 0x0000000100000000)
  region size 1024K, 2 young (2048K), 2 survivors (2048K)
 Metaspace       used 113540K, committed 114752K, reserved 557056K
  class space    used 15616K, committed 16192K, reserved 425984K
}
Event: 220.282 GC heap before
{Heap before GC invocations=79 (full 0):
 garbage-first heap   total 347136K, used 297652K [0x0000000080000000, 0x0000000100000000)
  region size 1024K, 108 young (110592K), 2 survivors (2048K)
 Metaspace       used 117254K, committed 118528K, reserved 557056K
  class space    used 16082K, committed 16704K, reserved 425984K
}
Event: 220.299 GC heap after
{Heap after GC invocations=80 (full 0):
 garbage-first heap   total 347136K, used 196810K [0x0000000080000000, 0x0000000100000000)
  region size 1024K, 8 young (8192K), 8 survivors (8192K)
 Metaspace       used 117254K, committed 118528K, reserved 557056K
  class space    used 16082K, committed 16704K, reserved 425984K
}
Event: 231.865 GC heap before
{Heap before GC invocations=80 (full 0):
 garbage-first heap   total 347136K, used 295114K [0x0000000080000000, 0x0000000100000000)
  region size 1024K, 105 young (107520K), 8 survivors (8192K)
 Metaspace       used 117829K, committed 119168K, reserved 557056K
  class space    used 16120K, committed 16768K, reserved 425984K
}
Event: 231.906 GC heap after
{Heap after GC invocations=81 (full 0):
 garbage-first heap   total 347136K, used 213319K [0x0000000080000000, 0x0000000100000000)
  region size 1024K, 14 young (14336K), 14 survivors (14336K)
 Metaspace       used 117829K, committed 119168K, reserved 557056K
  class space    used 16120K, committed 16768K, reserved 425984K
}
Event: 234.648 GC heap before
{Heap before GC invocations=81 (full 0):
 garbage-first heap   total 347136K, used 290119K [0x0000000080000000, 0x0000000100000000)
  region size 1024K, 89 young (91136K), 14 survivors (14336K)
 Metaspace       used 118289K, committed 119744K, reserved 557056K
  class space    used 16160K, committed 16832K, reserved 425984K
}
Event: 234.697 GC heap after
{Heap after GC invocations=82 (full 0):
 garbage-first heap   total 347136K, used 225522K [0x0000000080000000, 0x0000000100000000)
  region size 1024K, 12 young (12288K), 12 survivors (12288K)
 Metaspace       used 118289K, committed 119744K, reserved 557056K
  class space    used 16160K, committed 16832K, reserved 425984K
}
Event: 236.214 GC heap before
{Heap before GC invocations=82 (full 0):
 garbage-first heap   total 347136K, used 289010K [0x0000000080000000, 0x0000000100000000)
  region size 1024K, 75 young (76800K), 12 survivors (12288K)
 Metaspace       used 118567K, committed 120064K, reserved 557056K
  class space    used 16189K, committed 16896K, reserved 425984K
}
Event: 236.258 GC heap after
{Heap after GC invocations=83 (full 0):
 garbage-first heap   total 347136K, used 229888K [0x0000000080000000, 0x0000000100000000)
  region size 1024K, 5 young (5120K), 5 survivors (5120K)
 Metaspace       used 118567K, committed 120064K, reserved 557056K
  class space    used 16189K, committed 16896K, reserved 425984K
}
Event: 277.865 GC heap before
{Heap before GC invocations=83 (full 0):
 garbage-first heap   total 347136K, used 292352K [0x0000000080000000, 0x0000000100000000)
  region size 1024K, 67 young (68608K), 5 survivors (5120K)
 Metaspace       used 119454K, committed 121024K, reserved 557056K
  class space    used 16288K, committed 17024K, reserved 425984K
}
Event: 277.892 GC heap after
{Heap after GC invocations=84 (full 0):
 garbage-first heap   total 347136K, used 232725K [0x0000000080000000, 0x0000000100000000)
  region size 1024K, 8 young (8192K), 8 survivors (8192K)
 Metaspace       used 119454K, committed 121024K, reserved 557056K
  class space    used 16288K, committed 17024K, reserved 425984K
}

