# JRE version: Java(TM) SE Runtime Environment (17.0.11+7) (build 17.0.11+7-LTS-207)
# Java VM: Java HotSpot(TM) 64-Bit Server VM (17.0.11+7-LTS-207, mixed mode, sharing, tiered, compressed oops, compressed class ptrs, g1 gc, windows-amd64)
GC Precious Log:
 CPUs: 4 total, 4 available
 Memory: 8070M
 Large Page Support: Disabled
 NUMA Support: Disabled
 Compressed Oops: Enabled (Zero based)
 Heap Region Size: 2M
 Heap Min Capacity: 8M
 Heap Initial Capacity: 128M
 Heap Max Capacity: 3G
 Pre-touch: Disabled
 Parallel Workers: 4
 Concurrent Workers: 1
 Concurrent Refinement Workers: 4
 Periodic GC: Disabled
Heap:
 garbage-first heap   total 499712K, used 472706K [0x0000000740000000, 0x0000000800000000)
  region size 2048K, 11 young (22528K), 1 survivors (2048K)
 Metaspace       used 124025K, committed 125568K, reserved 720896K
  class space    used 17268K, committed 17984K, reserved 589824K
GC Heap History (20 events):
Event: 122.012 GC heap before
{Heap before GC invocations=81 (full 0):
 garbage-first heap   total 499712K, used 420247K [0x0000000740000000, 0x0000000800000000)
  region size 2048K, 20 young (40960K), 3 survivors (6144K)
 Metaspace       used 123217K, committed 124736K, reserved 720896K
  class space    used 17194K, committed 17856K, reserved 589824K
}
Event: 122.044 GC heap after
{Heap after GC invocations=82 (full 0):
 garbage-first heap   total 499712K, used 389417K [0x0000000740000000, 0x0000000800000000)
  region size 2048K, 2 young (4096K), 2 survivors (4096K)
 Metaspace       used 123217K, committed 124736K, reserved 720896K
  class space    used 17194K, committed 17856K, reserved 589824K
}
Event: 126.316 GC heap before
{Heap before GC invocations=82 (full 0):
 garbage-first heap   total 499712K, used 428329K [0x0000000740000000, 0x0000000800000000)
  region size 2048K, 19 young (38912K), 2 survivors (4096K)
 Metaspace       used 123226K, committed 124736K, reserved 720896K
  class space    used 17194K, committed 17856K, reserved 589824K
}
Event: 126.346 GC heap after
{Heap after GC invocations=83 (full 0):
 garbage-first heap   total 499712K, used 396016K [0x0000000740000000, 0x0000000800000000)
  region size 2048K, 2 young (4096K), 2 survivors (4096K)
 Metaspace       used 123226K, committed 124736K, reserved 720896K
  class space    used 17194K, committed 17856K, reserved 589824K
}
Event: 130.385 GC heap before
{Heap before GC invocations=83 (full 0):
 garbage-first heap   total 499712K, used 428784K [0x0000000740000000, 0x0000000800000000)
  region size 2048K, 18 young (36864K), 2 survivors (4096K)
 Metaspace       used 123467K, committed 124992K, reserved 720896K
  class space    used 17224K, committed 17920K, reserved 589824K
}
Event: 130.420 GC heap after
{Heap after GC invocations=84 (full 0):
 garbage-first heap   total 499712K, used 403107K [0x0000000740000000, 0x0000000800000000)
  region size 2048K, 3 young (6144K), 3 survivors (6144K)
 Metaspace       used 123467K, committed 124992K, reserved 720896K
  class space    used 17224K, committed 17920K, reserved 589824K
}
Event: 133.866 GC heap before
{Heap before GC invocations=84 (full 0):
 garbage-first heap   total 499712K, used 431779K [0x0000000740000000, 0x0000000800000000)
  region size 2048K, 17 young (34816K), 3 survivors (6144K)
 Metaspace       used 123695K, committed 125184K, reserved 720896K
  class space    used 17241K, committed 17920K, reserved 589824K
}
Event: 133.879 GC heap after
{Heap after GC invocations=85 (full 0):
 garbage-first heap   total 499712K, used 409024K [0x0000000740000000, 0x0000000800000000)
  region size 2048K, 2 young (4096K), 2 survivors (4096K)
 Metaspace       used 123695K, committed 125184K, reserved 720896K
  class space    used 17241K, committed 17920K, reserved 589824K
}
Event: 137.112 GC heap before
{Heap before GC invocations=85 (full 0):
 garbage-first heap   total 499712K, used 431552K [0x0000000740000000, 0x0000000800000000)
  region size 2048K, 14 young (28672K), 2 survivors (4096K)
 Metaspace       used 123771K, committed 125248K, reserved 720896K
  class space    used 17253K, committed 17920K, reserved 589824K
}
Event: 137.121 GC heap after
{Heap after GC invocations=86 (full 0):
 garbage-first heap   total 499712K, used 414528K [0x0000000740000000, 0x0000000800000000)
  region size 2048K, 2 young (4096K), 2 survivors (4096K)
 Metaspace       used 123771K, committed 125248K, reserved 720896K
  class space    used 17253K, committed 17920K, reserved 589824K
}
Event: 138.227 GC heap before
{Heap before GC invocations=86 (full 0):
 garbage-first heap   total 499712K, used 435008K [0x0000000740000000, 0x0000000800000000)
  region size 2048K, 12 young (24576K), 2 survivors (4096K)
 Metaspace       used 123896K, committed 125376K, reserved 720896K
  class space    used 17265K, committed 17920K, reserved 589824K
}
Event: 138.240 GC heap after
{Heap after GC invocations=87 (full 0):
 garbage-first heap   total 499712K, used 422482K [0x0000000740000000, 0x0000000800000000)
  region size 2048K, 2 young (4096K), 2 survivors (4096K)
 Metaspace       used 123896K, committed 125376K, reserved 720896K
  class space    used 17265K, committed 17920K, reserved 589824K
}
Event: 138.909 GC heap before
{Heap before GC invocations=87 (full 0):
 garbage-first heap   total 499712K, used 442962K [0x0000000740000000, 0x0000000800000000)
  region size 2048K, 12 young (24576K), 2 survivors (4096K)
 Metaspace       used 123905K, committed 125376K, reserved 720896K
  class space    used 17266K, committed 17920K, reserved 589824K
}
Event: 138.923 GC heap after
{Heap after GC invocations=88 (full 0):
 garbage-first heap   total 499712K, used 428243K [0x0000000740000000, 0x0000000800000000)
  region size 2048K, 2 young (4096K), 2 survivors (4096K)
 Metaspace       used 123905K, committed 125376K, reserved 720896K
  class space    used 17266K, committed 17920K, reserved 589824K
}
Event: 139.615 GC heap before
{Heap before GC invocations=88 (full 0):
 garbage-first heap   total 499712K, used 454867K [0x0000000740000000, 0x0000000800000000)
  region size 2048K, 12 young (24576K), 2 survivors (4096K)
 Metaspace       used 123928K, committed 125376K, reserved 720896K
  class space    used 17268K, committed 17920K, reserved 589824K
}
Event: 139.635 GC heap after
{Heap after GC invocations=89 (full 0):
 garbage-first heap   total 499712K, used 441600K [0x0000000740000000, 0x0000000800000000)
  region size 2048K, 2 young (4096K), 2 survivors (4096K)
 Metaspace       used 123928K, committed 125376K, reserved 720896K
  class space    used 17268K, committed 17920K, reserved 589824K
}
Event: 139.933 GC heap before
{Heap before GC invocations=89 (full 0):
 garbage-first heap   total 499712K, used 462080K [0x0000000740000000, 0x0000000800000000)
  region size 2048K, 12 young (24576K), 2 survivors (4096K)
 Metaspace       used 123930K, committed 125376K, reserved 720896K
  class space    used 17268K, committed 17920K, reserved 589824K
}
Event: 139.950 GC heap after
{Heap after GC invocations=90 (full 0):
 garbage-first heap   total 499712K, used 445029K [0x0000000740000000, 0x0000000800000000)
  region size 2048K, 2 young (4096K), 2 survivors (4096K)
 Metaspace       used 123930K, committed 125376K, reserved 720896K
  class space    used 17268K, committed 17920K, reserved 589824K
}
Event: 141.391 GC heap before
{Heap before GC invocations=90 (full 0):
 garbage-first heap   total 499712K, used 473701K [0x0000000740000000, 0x0000000800000000)
  region size 2048K, 12 young (24576K), 2 survivors (4096K)
 Metaspace       used 124026K, committed 125440K, reserved 720896K
  class space    used 17270K, committed 17920K, reserved 589824K
}
Event: 141.403 GC heap after
{Heap after GC invocations=91 (full 0):
 garbage-first heap   total 499712K, used 456322K [0x0000000740000000, 0x0000000800000000)
  region size 2048K, 1 young (2048K), 1 survivors (2048K)
 Metaspace       used 124026K, committed 125440K, reserved 720896K
  class space    used 17270K, committed 17920K, reserved 589824K
}

