# JRE version: Java(TM) SE Runtime Environment (17.0.11+7) (build 17.0.11+7-LTS-207)
# Java VM: Java HotSpot(TM) 64-Bit Server VM (17.0.11+7-LTS-207, mixed mode, sharing, tiered, compressed oops, compressed class ptrs, g1 gc, windows-amd64)
GC Precious Log:
 CPUs: 4 total, 4 available
 Memory: 8070M
 Large Page Support: Disabled
 NUMA Support: Disabled
 Compressed Oops: Enabled (Zero based)
 Heap Region Size: 2M
 Heap Min Capacity: 8M
 Heap Initial Capacity: 128M
 Heap Max Capacity: 4G
 Pre-touch: Disabled
 Parallel Workers: 4
 Concurrent Workers: 1
 Concurrent Refinement Workers: 4
 Periodic GC: Disabled
Heap:
 garbage-first heap   total 419840K, used 349871K [0x0000000700000000, 0x0000000800000000)
  region size 2048K, 2 young (4096K), 2 survivors (4096K)
 Metaspace       used 118970K, committed 120512K, reserved 557056K
  class space    used 16613K, committed 17344K, reserved 425984K
GC Heap History (20 events):
Event: 85.359 GC heap after
{Heap after GC invocations=63 (full 0):
 garbage-first heap   total 356352K, used 211790K [0x0000000700000000, 0x0000000800000000)
  region size 2048K, 5 young (10240K), 5 survivors (10240K)
 Metaspace       used 107059K, committed 108352K, reserved 557056K
  class space    used 14920K, committed 15552K, reserved 425984K
}
Event: 88.199 GC heap before
{Heap before GC invocations=64 (full 0):
 garbage-first heap   total 372736K, used 291662K [0x0000000700000000, 0x0000000800000000)
  region size 2048K, 44 young (90112K), 5 survivors (10240K)
 Metaspace       used 107438K, committed 108864K, reserved 557056K
  class space    used 14959K, committed 15616K, reserved 425984K
}
Event: 88.218 GC heap after
{Heap after GC invocations=65 (full 0):
 garbage-first heap   total 372736K, used 215033K [0x0000000700000000, 0x0000000800000000)
  region size 2048K, 5 young (10240K), 5 survivors (10240K)
 Metaspace       used 107438K, committed 108864K, reserved 557056K
  class space    used 14959K, committed 15616K, reserved 425984K
}
Event: 88.642 GC heap before
{Heap before GC invocations=65 (full 0):
 garbage-first heap   total 372736K, used 221177K [0x0000000700000000, 0x0000000800000000)
  region size 2048K, 9 young (18432K), 5 survivors (10240K)
 Metaspace       used 107700K, committed 109120K, reserved 557056K
  class space    used 15013K, committed 15680K, reserved 425984K
}
Event: 88.662 GC heap after
{Heap after GC invocations=66 (full 0):
 garbage-first heap   total 372736K, used 212099K [0x0000000700000000, 0x0000000800000000)
  region size 2048K, 2 young (4096K), 2 survivors (4096K)
 Metaspace       used 107700K, committed 109120K, reserved 557056K
  class space    used 15013K, committed 15680K, reserved 425984K
}
Event: 96.384 GC heap before
{Heap before GC invocations=66 (full 0):
 garbage-first heap   total 372736K, used 306307K [0x0000000700000000, 0x0000000800000000)
  region size 2048K, 49 young (100352K), 2 survivors (4096K)
 Metaspace       used 111934K, committed 113344K, reserved 557056K
  class space    used 15548K, committed 16192K, reserved 425984K
}
Event: 96.400 GC heap after
{Heap after GC invocations=67 (full 0):
 garbage-first heap   total 372736K, used 218959K [0x0000000700000000, 0x0000000800000000)
  region size 2048K, 5 young (10240K), 5 survivors (10240K)
 Metaspace       used 111934K, committed 113344K, reserved 557056K
  class space    used 15548K, committed 16192K, reserved 425984K
}
Event: 100.476 GC heap before
{Heap before GC invocations=67 (full 0):
 garbage-first heap   total 372736K, used 286543K [0x0000000700000000, 0x0000000800000000)
  region size 2048K, 40 young (81920K), 5 survivors (10240K)
 Metaspace       used 112948K, committed 114368K, reserved 557056K
  class space    used 15602K, committed 16256K, reserved 425984K
}
Event: 100.492 GC heap after
{Heap after GC invocations=68 (full 0):
 garbage-first heap   total 372736K, used 221438K [0x0000000700000000, 0x0000000800000000)
  region size 2048K, 3 young (6144K), 3 survivors (6144K)
 Metaspace       used 112948K, committed 114368K, reserved 557056K
  class space    used 15602K, committed 16256K, reserved 425984K
}
Event: 103.612 GC heap before
{Heap before GC invocations=69 (full 0):
 garbage-first heap   total 419840K, used 344318K [0x0000000700000000, 0x0000000800000000)
  region size 2048K, 45 young (92160K), 3 survivors (6144K)
 Metaspace       used 116380K, committed 117952K, reserved 557056K
  class space    used 16096K, committed 16832K, reserved 425984K
}
Event: 103.643 GC heap after
{Heap after GC invocations=70 (full 0):
 garbage-first heap   total 419840K, used 275765K [0x0000000700000000, 0x0000000800000000)
  region size 2048K, 6 young (12288K), 6 survivors (12288K)
 Metaspace       used 116380K, committed 117952K, reserved 557056K
  class space    used 16096K, committed 16832K, reserved 425984K
}
Event: 103.725 GC heap before
{Heap before GC invocations=70 (full 0):
 garbage-first heap   total 419840K, used 283957K [0x0000000700000000, 0x0000000800000000)
  region size 2048K, 10 young (20480K), 6 survivors (12288K)
 Metaspace       used 116381K, committed 117952K, reserved 557056K
  class space    used 16096K, committed 16832K, reserved 425984K
}
Event: 103.762 GC heap after
{Heap after GC invocations=71 (full 0):
 garbage-first heap   total 419840K, used 276847K [0x0000000700000000, 0x0000000800000000)
  region size 2048K, 2 young (4096K), 2 survivors (4096K)
 Metaspace       used 116381K, committed 117952K, reserved 557056K
  class space    used 16096K, committed 16832K, reserved 425984K
}
Event: 105.535 GC heap before
{Heap before GC invocations=71 (full 0):
 garbage-first heap   total 419840K, used 342383K [0x0000000700000000, 0x0000000800000000)
  region size 2048K, 34 young (69632K), 2 survivors (4096K)
 Metaspace       used 118919K, committed 120448K, reserved 557056K
  class space    used 16612K, committed 17344K, reserved 425984K
}
Event: 105.605 GC heap after
{Heap after GC invocations=72 (full 0):
 garbage-first heap   total 419840K, used 302614K [0x0000000700000000, 0x0000000800000000)
  region size 2048K, 5 young (10240K), 5 survivors (10240K)
 Metaspace       used 118919K, committed 120448K, reserved 557056K
  class space    used 16612K, committed 17344K, reserved 425984K
}
Event: 107.279 GC heap before
{Heap before GC invocations=72 (full 0):
 garbage-first heap   total 419840K, used 343574K [0x0000000700000000, 0x0000000800000000)
  region size 2048K, 26 young (53248K), 5 survivors (10240K)
 Metaspace       used 118962K, committed 120512K, reserved 557056K
  class space    used 16613K, committed 17344K, reserved 425984K
}
Event: 107.374 GC heap after
{Heap after GC invocations=73 (full 0):
 garbage-first heap   total 419840K, used 325632K [0x0000000700000000, 0x0000000800000000)
  region size 2048K, 4 young (8192K), 4 survivors (8192K)
 Metaspace       used 118962K, committed 120512K, reserved 557056K
  class space    used 16613K, committed 17344K, reserved 425984K
}
Event: 108.108 GC heap before
{Heap before GC invocations=73 (full 0):
 garbage-first heap   total 419840K, used 350208K [0x0000000700000000, 0x0000000800000000)
  region size 2048K, 16 young (32768K), 4 survivors (8192K)
 Metaspace       used 118968K, committed 120512K, reserved 557056K
  class space    used 16613K, committed 17344K, reserved 425984K
}
Event: 108.161 GC heap after
{Heap after GC invocations=74 (full 0):
 garbage-first heap   total 419840K, used 339968K [0x0000000700000000, 0x0000000800000000)
  region size 2048K, 2 young (4096K), 2 survivors (4096K)
 Metaspace       used 118968K, committed 120512K, reserved 557056K
  class space    used 16613K, committed 17344K, reserved 425984K
}
Event: 108.819 GC heap before
{Heap before GC invocations=74 (full 0):
 garbage-first heap   total 419840K, used 356352K [0x0000000700000000, 0x0000000800000000)
  region size 2048K, 10 young (20480K), 2 survivors (4096K)
 Metaspace       used 118970K, committed 120512K, reserved 557056K
  class space    used 16613K, committed 17344K, reserved 425984K
}

