# JRE version: Java(TM) SE Runtime Environment (17.0.11+7) (build 17.0.11+7-LTS-207)
# Java VM: Java HotSpot(TM) 64-Bit Server VM (17.0.11+7-LTS-207, mixed mode, sharing, tiered, compressed oops, compressed class ptrs, g1 gc, windows-amd64)
GC Precious Log:
 CPUs: 4 total, 4 available
 Memory: 8070M
 Large Page Support: Disabled
 NUMA Support: Disabled
 Compressed Oops: Enabled (32-bit)
 Heap Region Size: 1M
 Heap Min Capacity: 8M
 Heap Initial Capacity: 128M
 Heap Max Capacity: 2G
 Pre-touch: Disabled
 Parallel Workers: 4
 Concurrent Workers: 1
 Concurrent Refinement Workers: 4
 Periodic GC: Disabled
Heap:
 garbage-first heap   total 498688K, used 436768K [0x0000000080000000, 0x0000000100000000)
  region size 1024K, 21 young (21504K), 2 survivors (2048K)
 Metaspace       used 159190K, committed 160896K, reserved 786432K
  class space    used 21175K, committed 21952K, reserved 589824K
GC Heap History (20 events):
Event: 254.792 GC heap before
{Heap before GC invocations=137 (full 0):
 garbage-first heap   total 498688K, used 407035K [0x0000000080000000, 0x0000000100000000)
  region size 1024K, 63 young (64512K), 14 survivors (14336K)
 Metaspace       used 158409K, committed 160064K, reserved 786432K
  class space    used 21069K, committed 21824K, reserved 589824K
}
Event: 254.904 GC heap after
{Heap after GC invocations=138 (full 0):
 garbage-first heap   total 498688K, used 383488K [0x0000000080000000, 0x0000000100000000)
  region size 1024K, 8 young (8192K), 8 survivors (8192K)
 Metaspace       used 158409K, committed 160064K, reserved 786432K
  class space    used 21069K, committed 21824K, reserved 589824K
}
Event: 255.770 GC heap before
{Heap before GC invocations=138 (full 0):
 garbage-first heap   total 498688K, used 415232K [0x0000000080000000, 0x0000000100000000)
  region size 1024K, 39 young (39936K), 8 survivors (8192K)
 Metaspace       used 158412K, committed 160064K, reserved 786432K
  class space    used 21069K, committed 21824K, reserved 589824K
}
Event: 255.839 GC heap after
{Heap after GC invocations=139 (full 0):
 garbage-first heap   total 498688K, used 399872K [0x0000000080000000, 0x0000000100000000)
  region size 1024K, 5 young (5120K), 5 survivors (5120K)
 Metaspace       used 158412K, committed 160064K, reserved 786432K
  class space    used 21069K, committed 21824K, reserved 589824K
}
Event: 257.868 GC heap before
{Heap before GC invocations=139 (full 0):
 garbage-first heap   total 498688K, used 421376K [0x0000000080000000, 0x0000000100000000)
  region size 1024K, 27 young (27648K), 5 survivors (5120K)
 Metaspace       used 158556K, committed 160128K, reserved 786432K
  class space    used 21083K, committed 21824K, reserved 589824K
}
Event: 257.912 GC heap after
{Heap after GC invocations=140 (full 0):
 garbage-first heap   total 498688K, used 407168K [0x0000000080000000, 0x0000000100000000)
  region size 1024K, 4 young (4096K), 4 survivors (4096K)
 Metaspace       used 158556K, committed 160128K, reserved 786432K
  class space    used 21083K, committed 21824K, reserved 589824K
}
Event: 259.114 GC heap before
{Heap before GC invocations=140 (full 0):
 garbage-first heap   total 498688K, used 426624K [0x0000000080000000, 0x0000000100000000)
  region size 1024K, 24 young (24576K), 4 survivors (4096K)
 Metaspace       used 158991K, committed 160576K, reserved 786432K
  class space    used 21159K, committed 21888K, reserved 589824K
}
Event: 259.143 GC heap after
{Heap after GC invocations=141 (full 0):
 garbage-first heap   total 498688K, used 409823K [0x0000000080000000, 0x0000000100000000)
  region size 1024K, 3 young (3072K), 3 survivors (3072K)
 Metaspace       used 158991K, committed 160576K, reserved 786432K
  class space    used 21159K, committed 21888K, reserved 589824K
}
Event: 260.065 GC heap before
{Heap before GC invocations=141 (full 0):
 garbage-first heap   total 498688K, used 431327K [0x0000000080000000, 0x0000000100000000)
  region size 1024K, 24 young (24576K), 3 survivors (3072K)
 Metaspace       used 159000K, committed 160576K, reserved 786432K
  class space    used 21159K, committed 21888K, reserved 589824K
}
Event: 260.074 GC heap after
{Heap after GC invocations=142 (full 0):
 garbage-first heap   total 498688K, used 413696K [0x0000000080000000, 0x0000000100000000)
  region size 1024K, 3 young (3072K), 3 survivors (3072K)
 Metaspace       used 159000K, committed 160576K, reserved 786432K
  class space    used 21159K, committed 21888K, reserved 589824K
}
Event: 261.464 GC heap before
{Heap before GC invocations=142 (full 0):
 garbage-first heap   total 498688K, used 435200K [0x0000000080000000, 0x0000000100000000)
  region size 1024K, 24 young (24576K), 3 survivors (3072K)
 Metaspace       used 159087K, committed 160768K, reserved 786432K
  class space    used 21172K, committed 21952K, reserved 589824K
}
Event: 261.478 GC heap after
{Heap after GC invocations=143 (full 0):
 garbage-first heap   total 498688K, used 417693K [0x0000000080000000, 0x0000000100000000)
  region size 1024K, 3 young (3072K), 3 survivors (3072K)
 Metaspace       used 159087K, committed 160768K, reserved 786432K
  class space    used 21172K, committed 21952K, reserved 589824K
}
Event: 262.392 GC heap before
{Heap before GC invocations=143 (full 0):
 garbage-first heap   total 498688K, used 439197K [0x0000000080000000, 0x0000000100000000)
  region size 1024K, 24 young (24576K), 3 survivors (3072K)
 Metaspace       used 159145K, committed 160832K, reserved 786432K
  class space    used 21175K, committed 21952K, reserved 589824K
}
Event: 262.403 GC heap after
{Heap after GC invocations=144 (full 0):
 garbage-first heap   total 498688K, used 419090K [0x0000000080000000, 0x0000000100000000)
  region size 1024K, 2 young (2048K), 2 survivors (2048K)
 Metaspace       used 159145K, committed 160832K, reserved 786432K
  class space    used 21175K, committed 21952K, reserved 589824K
}
Event: 264.055 GC heap before
{Heap before GC invocations=144 (full 0):
 garbage-first heap   total 498688K, used 445714K [0x0000000080000000, 0x0000000100000000)
  region size 1024K, 24 young (24576K), 2 survivors (2048K)
 Metaspace       used 159155K, committed 160832K, reserved 786432K
  class space    used 21175K, committed 21952K, reserved 589824K
}
Event: 264.076 GC heap after
{Heap after GC invocations=145 (full 0):
 garbage-first heap   total 498688K, used 425046K [0x0000000080000000, 0x0000000100000000)
  region size 1024K, 3 young (3072K), 3 survivors (3072K)
 Metaspace       used 159155K, committed 160832K, reserved 786432K
  class space    used 21175K, committed 21952K, reserved 589824K
}
Event: 265.544 GC heap before
{Heap before GC invocations=145 (full 0):
 garbage-first heap   total 498688K, used 449622K [0x0000000080000000, 0x0000000100000000)
  region size 1024K, 24 young (24576K), 3 survivors (3072K)
 Metaspace       used 159160K, committed 160832K, reserved 786432K
  class space    used 21175K, committed 21952K, reserved 589824K
}
Event: 265.568 GC heap after
{Heap after GC invocations=146 (full 0):
 garbage-first heap   total 498688K, used 429566K [0x0000000080000000, 0x0000000100000000)
  region size 1024K, 2 young (2048K), 2 survivors (2048K)
 Metaspace       used 159160K, committed 160832K, reserved 786432K
  class space    used 21175K, committed 21952K, reserved 589824K
}
Event: 268.416 GC heap before
{Heap before GC invocations=146 (full 0):
 garbage-first heap   total 498688K, used 452094K [0x0000000080000000, 0x0000000100000000)
  region size 1024K, 22 young (22528K), 2 survivors (2048K)
 Metaspace       used 159190K, committed 160896K, reserved 786432K
  class space    used 21175K, committed 21952K, reserved 589824K
}
Event: 268.448 GC heap after
{Heap after GC invocations=147 (full 0):
 garbage-first heap   total 498688K, used 434720K [0x0000000080000000, 0x0000000100000000)
  region size 1024K, 2 young (2048K), 2 survivors (2048K)
 Metaspace       used 159190K, committed 160896K, reserved 786432K
  class space    used 21175K, committed 21952K, reserved 589824K
}

