# JRE version: Java(TM) SE Runtime Environment (17.0.11+7) (build 17.0.11+7-LTS-207)
# Java VM: Java HotSpot(TM) 64-Bit Server VM (17.0.11+7-LTS-207, mixed mode, sharing, tiered, compressed oops, compressed class ptrs, g1 gc, windows-amd64)
GC Precious Log:
 CPUs: 4 total, 4 available
 Memory: 8070M
 Large Page Support: Disabled
 NUMA Support: Disabled
 Compressed Oops: Enabled (Zero based)
 Heap Region Size: 2M
 Heap Min Capacity: 8M
 Heap Initial Capacity: 128M
 Heap Max Capacity: 4G
 Pre-touch: Disabled
 Parallel Workers: 4
 Concurrent Workers: 1
 Concurrent Refinement Workers: 4
 Periodic GC: Disabled
Heap:
 garbage-first heap   total 526336K, used 385465K [0x0000000700000000, 0x0000000800000000)
  region size 2048K, 4 young (8192K), 4 survivors (8192K)
 Metaspace       used 131012K, committed 132480K, reserved 720896K
  class space    used 18115K, committed 18816K, reserved 589824K
GC Heap History (20 events):
Event: 100.749 GC heap after
{Heap after GC invocations=76 (full 0):
 garbage-first heap   total 364544K, used 242627K [0x0000000700000000, 0x0000000800000000)
  region size 2048K, 2 young (4096K), 2 survivors (4096K)
 Metaspace       used 121677K, committed 123072K, reserved 720896K
  class space    used 16980K, committed 17664K, reserved 589824K
}
Event: 107.086 GC heap before
{Heap before GC invocations=76 (full 0):
 garbage-first heap   total 364544K, used 328643K [0x0000000700000000, 0x0000000800000000)
  region size 2048K, 34 young (69632K), 2 survivors (4096K)
 Metaspace       used 125445K, committed 126848K, reserved 720896K
  class space    used 17453K, committed 18112K, reserved 589824K
}
Event: 107.097 GC heap after
{Heap after GC invocations=77 (full 0):
 garbage-first heap   total 364544K, used 253640K [0x0000000700000000, 0x0000000800000000)
  region size 2048K, 3 young (6144K), 3 survivors (6144K)
 Metaspace       used 125445K, committed 126848K, reserved 720896K
  class space    used 17453K, committed 18112K, reserved 589824K
}
Event: 118.888 GC heap before
{Heap before GC invocations=77 (full 0):
 garbage-first heap   total 364544K, used 310984K [0x0000000700000000, 0x0000000800000000)
  region size 2048K, 31 young (63488K), 3 survivors (6144K)
 Metaspace       used 129140K, committed 130560K, reserved 720896K
  class space    used 17877K, committed 18560K, reserved 589824K
}
Event: 118.904 GC heap after
{Heap after GC invocations=78 (full 0):
 garbage-first heap   total 364544K, used 258500K [0x0000000700000000, 0x0000000800000000)
  region size 2048K, 4 young (8192K), 4 survivors (8192K)
 Metaspace       used 129140K, committed 130560K, reserved 720896K
  class space    used 17877K, committed 18560K, reserved 589824K
}
Event: 133.067 GC heap before
{Heap before GC invocations=78 (full 0):
 garbage-first heap   total 364544K, used 309700K [0x0000000700000000, 0x0000000800000000)
  region size 2048K, 29 young (59392K), 4 survivors (8192K)
 Metaspace       used 129436K, committed 130816K, reserved 720896K
  class space    used 17909K, committed 18560K, reserved 589824K
}
Event: 133.081 GC heap after
{Heap after GC invocations=79 (full 0):
 garbage-first heap   total 364544K, used 256952K [0x0000000700000000, 0x0000000800000000)
  region size 2048K, 2 young (4096K), 2 survivors (4096K)
 Metaspace       used 129436K, committed 130816K, reserved 720896K
  class space    used 17909K, committed 18560K, reserved 589824K
}
Event: 147.332 GC heap before
{Heap before GC invocations=79 (full 0):
 garbage-first heap   total 364544K, used 316344K [0x0000000700000000, 0x0000000800000000)
  region size 2048K, 29 young (59392K), 2 survivors (4096K)
 Metaspace       used 129793K, committed 131200K, reserved 720896K
  class space    used 17943K, committed 18624K, reserved 589824K
}
Event: 147.342 GC heap after
{Heap after GC invocations=80 (full 0):
 garbage-first heap   total 364544K, used 268756K [0x0000000700000000, 0x0000000800000000)
  region size 2048K, 4 young (8192K), 4 survivors (8192K)
 Metaspace       used 129793K, committed 131200K, reserved 720896K
  class space    used 17943K, committed 18624K, reserved 589824K
}
Event: 148.431 GC heap before
{Heap before GC invocations=80 (full 0):
 garbage-first heap   total 364544K, used 322004K [0x0000000700000000, 0x0000000800000000)
  region size 2048K, 18 young (36864K), 4 survivors (8192K)
 Metaspace       used 130175K, committed 131584K, reserved 720896K
  class space    used 18007K, committed 18688K, reserved 589824K
}
Event: 148.444 GC heap after
{Heap after GC invocations=81 (full 0):
 garbage-first heap   total 364544K, used 300603K [0x0000000700000000, 0x0000000800000000)
  region size 2048K, 3 young (6144K), 3 survivors (6144K)
 Metaspace       used 130175K, committed 131584K, reserved 720896K
  class space    used 18007K, committed 18688K, reserved 589824K
}
Event: 150.668 GC heap before
{Heap before GC invocations=82 (full 0):
 garbage-first heap   total 526336K, used 321083K [0x0000000700000000, 0x0000000800000000)
  region size 2048K, 12 young (24576K), 3 survivors (6144K)
 Metaspace       used 130235K, committed 131648K, reserved 720896K
  class space    used 18011K, committed 18688K, reserved 589824K
}
Event: 150.686 GC heap after
{Heap after GC invocations=83 (full 0):
 garbage-first heap   total 526336K, used 305393K [0x0000000700000000, 0x0000000800000000)
  region size 2048K, 2 young (4096K), 2 survivors (4096K)
 Metaspace       used 130235K, committed 131648K, reserved 720896K
  class space    used 18011K, committed 18688K, reserved 589824K
}
Event: 152.082 GC heap before
{Heap before GC invocations=83 (full 0):
 garbage-first heap   total 526336K, used 325873K [0x0000000700000000, 0x0000000800000000)
  region size 2048K, 12 young (24576K), 2 survivors (4096K)
 Metaspace       used 130235K, committed 131648K, reserved 720896K
  class space    used 18011K, committed 18688K, reserved 589824K
}
Event: 152.135 GC heap after
{Heap after GC invocations=84 (full 0):
 garbage-first heap   total 526336K, used 296541K [0x0000000700000000, 0x0000000800000000)
  region size 2048K, 2 young (4096K), 2 survivors (4096K)
 Metaspace       used 130235K, committed 131648K, reserved 720896K
  class space    used 18011K, committed 18688K, reserved 589824K
}
Event: 156.798 GC heap before
{Heap before GC invocations=84 (full 0):
 garbage-first heap   total 526336K, used 382557K [0x0000000700000000, 0x0000000800000000)
  region size 2048K, 43 young (88064K), 2 survivors (4096K)
 Metaspace       used 130682K, committed 132160K, reserved 720896K
  class space    used 18092K, committed 18752K, reserved 589824K
}
Event: 156.965 GC heap after
{Heap after GC invocations=85 (full 0):
 garbage-first heap   total 526336K, used 337337K [0x0000000700000000, 0x0000000800000000)
  region size 2048K, 6 young (12288K), 6 survivors (12288K)
 Metaspace       used 130682K, committed 132160K, reserved 720896K
  class space    used 18092K, committed 18752K, reserved 589824K
}
Event: 157.960 GC heap before
{Heap before GC invocations=85 (full 0):
 garbage-first heap   total 526336K, used 398777K [0x0000000700000000, 0x0000000800000000)
  region size 2048K, 37 young (75776K), 6 survivors (12288K)
 Metaspace       used 130686K, committed 132160K, reserved 720896K
  class space    used 18092K, committed 18752K, reserved 589824K
}
Event: 158.066 GC heap after
{Heap after GC invocations=86 (full 0):
 garbage-first heap   total 526336K, used 371129K [0x0000000700000000, 0x0000000800000000)
  region size 2048K, 5 young (10240K), 5 survivors (10240K)
 Metaspace       used 130686K, committed 132160K, reserved 720896K
  class space    used 18092K, committed 18752K, reserved 589824K
}
Event: 161.584 GC heap before
{Heap before GC invocations=86 (full 0):
 garbage-first heap   total 526336K, used 416185K [0x0000000700000000, 0x0000000800000000)
  region size 2048K, 27 young (55296K), 5 survivors (10240K)
 Metaspace       used 131012K, committed 132480K, reserved 720896K
  class space    used 18115K, committed 18816K, reserved 589824K
}

