# JRE version: Java(TM) SE Runtime Environment (17.0.11+7) (build 17.0.11+7-LTS-207)
# Java VM: Java HotSpot(TM) 64-Bit Server VM (17.0.11+7-LTS-207, mixed mode, sharing, tiered, compressed oops, compressed class ptrs, g1 gc, windows-amd64)
GC Precious Log:
 CPUs: 4 total, 4 available
 Memory: 8070M
 Large Page Support: Disabled
 NUMA Support: Disabled
 Compressed Oops: Enabled (Zero based)
 Heap Region Size: 2M
 Heap Min Capacity: 8M
 Heap Initial Capacity: 128M
 Heap Max Capacity: 4G
 Pre-touch: Disabled
 Parallel Workers: 4
 Concurrent Workers: 1
 Concurrent Refinement Workers: 4
 Periodic GC: Disabled
Heap:
 garbage-first heap   total 581632K, used 446142K [0x0000000700000000, 0x0000000800000000)
  region size 2048K, 22 young (45056K), 4 survivors (8192K)
 Metaspace       used 161857K, committed 164096K, reserved 786432K
  class space    used 21175K, committed 22208K, reserved 589824K
GC Heap History (20 events):
Event: 503.721 GC heap before
{Heap before GC invocations=86 (full 0):
 garbage-first heap   total 581632K, used 490619K [0x0000000700000000, 0x0000000800000000)
  region size 2048K, 57 young (116736K), 3 survivors (6144K)
 Metaspace       used 139099K, committed 141184K, reserved 720896K
  class space    used 18244K, committed 19200K, reserved 589824K
}
Event: 503.737 GC heap after
{Heap after GC invocations=87 (full 0):
 garbage-first heap   total 581632K, used 383599K [0x0000000700000000, 0x0000000800000000)
  region size 2048K, 7 young (14336K), 7 survivors (14336K)
 Metaspace       used 139099K, committed 141184K, reserved 720896K
  class space    used 18244K, committed 19200K, reserved 589824K
}
Event: 510.915 GC heap before
{Heap before GC invocations=87 (full 0):
 garbage-first heap   total 581632K, used 490095K [0x0000000700000000, 0x0000000800000000)
  region size 2048K, 57 young (116736K), 7 survivors (14336K)
 Metaspace       used 142315K, committed 144384K, reserved 720896K
  class space    used 18619K, committed 19584K, reserved 589824K
}
Event: 510.941 GC heap after
{Heap after GC invocations=88 (full 0):
 garbage-first heap   total 581632K, used 389673K [0x0000000700000000, 0x0000000800000000)
  region size 2048K, 8 young (16384K), 8 survivors (16384K)
 Metaspace       used 142315K, committed 144384K, reserved 720896K
  class space    used 18619K, committed 19584K, reserved 589824K
}
Event: 518.488 GC heap before
{Heap before GC invocations=88 (full 0):
 garbage-first heap   total 581632K, used 490025K [0x0000000700000000, 0x0000000800000000)
  region size 2048K, 54 young (110592K), 8 survivors (16384K)
 Metaspace       used 143877K, committed 146112K, reserved 720896K
  class space    used 18800K, committed 19840K, reserved 589824K
}
Event: 518.502 GC heap after
{Heap after GC invocations=89 (full 0):
 garbage-first heap   total 581632K, used 384423K [0x0000000700000000, 0x0000000800000000)
  region size 2048K, 3 young (6144K), 3 survivors (6144K)
 Metaspace       used 143877K, committed 146112K, reserved 720896K
  class space    used 18800K, committed 19840K, reserved 589824K
}
Event: 550.191 GC heap before
{Heap before GC invocations=89 (full 0):
 garbage-first heap   total 581632K, used 501159K [0x0000000700000000, 0x0000000800000000)
  region size 2048K, 53 young (108544K), 3 survivors (6144K)
 Metaspace       used 146758K, committed 148992K, reserved 720896K
  class space    used 19170K, committed 20224K, reserved 589824K
}
Event: 550.205 GC heap after
{Heap after GC invocations=90 (full 0):
 garbage-first heap   total 581632K, used 390296K [0x0000000700000000, 0x0000000800000000)
  region size 2048K, 5 young (10240K), 5 survivors (10240K)
 Metaspace       used 146758K, committed 148992K, reserved 720896K
  class space    used 19170K, committed 20224K, reserved 589824K
}
Event: 572.218 GC heap before
{Heap before GC invocations=90 (full 0):
 garbage-first heap   total 581632K, used 509080K [0x0000000700000000, 0x0000000800000000)
  region size 2048K, 54 young (110592K), 5 survivors (10240K)
 Metaspace       used 157223K, committed 159424K, reserved 786432K
  class space    used 20668K, committed 21696K, reserved 589824K
}
Event: 572.239 GC heap after
{Heap after GC invocations=91 (full 0):
 garbage-first heap   total 581632K, used 399228K [0x0000000700000000, 0x0000000800000000)
  region size 2048K, 5 young (10240K), 5 survivors (10240K)
 Metaspace       used 157223K, committed 159424K, reserved 786432K
  class space    used 20668K, committed 21696K, reserved 589824K
}
Event: 588.664 GC heap before
{Heap before GC invocations=91 (full 0):
 garbage-first heap   total 581632K, used 497532K [0x0000000700000000, 0x0000000800000000)
  region size 2048K, 52 young (106496K), 5 survivors (10240K)
 Metaspace       used 160271K, committed 162560K, reserved 786432K
  class space    used 21037K, committed 22080K, reserved 589824K
}
Event: 588.707 GC heap after
{Heap after GC invocations=92 (full 0):
 garbage-first heap   total 581632K, used 403361K [0x0000000700000000, 0x0000000800000000)
  region size 2048K, 6 young (12288K), 6 survivors (12288K)
 Metaspace       used 160271K, committed 162560K, reserved 786432K
  class space    used 21037K, committed 22080K, reserved 589824K
}
Event: 596.850 GC heap before
{Heap before GC invocations=92 (full 0):
 garbage-first heap   total 581632K, used 493473K [0x0000000700000000, 0x0000000800000000)
  region size 2048K, 50 young (102400K), 6 survivors (12288K)
 Metaspace       used 160910K, committed 163200K, reserved 786432K
  class space    used 21078K, committed 22144K, reserved 589824K
}
Event: 596.871 GC heap after
{Heap after GC invocations=93 (full 0):
 garbage-first heap   total 581632K, used 404046K [0x0000000700000000, 0x0000000800000000)
  region size 2048K, 1 young (2048K), 1 survivors (2048K)
 Metaspace       used 160910K, committed 163200K, reserved 786432K
  class space    used 21078K, committed 22144K, reserved 589824K
}
Event: 602.001 GC heap before
{Heap before GC invocations=93 (full 0):
 garbage-first heap   total 581632K, used 498254K [0x0000000700000000, 0x0000000800000000)
  region size 2048K, 47 young (96256K), 1 survivors (2048K)
 Metaspace       used 160993K, committed 163264K, reserved 786432K
  class space    used 21081K, committed 22144K, reserved 589824K
}
Event: 602.006 GC heap after
{Heap after GC invocations=94 (full 0):
 garbage-first heap   total 581632K, used 403341K [0x0000000700000000, 0x0000000800000000)
  region size 2048K, 1 young (2048K), 1 survivors (2048K)
 Metaspace       used 160993K, committed 163264K, reserved 786432K
  class space    used 21081K, committed 22144K, reserved 589824K
}
Event: 615.763 GC heap before
{Heap before GC invocations=94 (full 0):
 garbage-first heap   total 581632K, used 505741K [0x0000000700000000, 0x0000000800000000)
  region size 2048K, 49 young (100352K), 1 survivors (2048K)
 Metaspace       used 161539K, committed 163776K, reserved 786432K
  class space    used 21159K, committed 22208K, reserved 589824K
}
Event: 615.775 GC heap after
{Heap after GC invocations=95 (full 0):
 garbage-first heap   total 581632K, used 407837K [0x0000000700000000, 0x0000000800000000)
  region size 2048K, 3 young (6144K), 3 survivors (6144K)
 Metaspace       used 161539K, committed 163776K, reserved 786432K
  class space    used 21159K, committed 22208K, reserved 589824K
}
Event: 620.347 GC heap before
{Heap before GC invocations=95 (full 0):
 garbage-first heap   total 581632K, used 502045K [0x0000000700000000, 0x0000000800000000)
  region size 2048K, 49 young (100352K), 3 survivors (6144K)
 Metaspace       used 161790K, committed 164032K, reserved 786432K
  class space    used 21172K, committed 22208K, reserved 589824K
}
Event: 620.358 GC heap after
{Heap after GC invocations=96 (full 0):
 garbage-first heap   total 581632K, used 409278K [0x0000000700000000, 0x0000000800000000)
  region size 2048K, 4 young (8192K), 4 survivors (8192K)
 Metaspace       used 161790K, committed 164032K, reserved 786432K
  class space    used 21172K, committed 22208K, reserved 589824K
}

