# JRE version: Java(TM) SE Runtime Environment (17.0.11+7) (build 17.0.11+7-LTS-207)
# Java VM: Java HotSpot(TM) 64-Bit Server VM (17.0.11+7-LTS-207, mixed mode, sharing, tiered, compressed oops, compressed class ptrs, g1 gc, windows-amd64)
GC Precious Log:
 CPUs: 4 total, 4 available
 Memory: 8070M
 Large Page Support: Disabled
 NUMA Support: Disabled
 Compressed Oops: Enabled (Zero based)
 Heap Region Size: 2M
 Heap Min Capacity: 8M
 Heap Initial Capacity: 128M
 Heap Max Capacity: 4G
 Pre-touch: Disabled
 Parallel Workers: 4
 Concurrent Workers: 1
 Concurrent Refinement Workers: 4
 Periodic GC: Disabled
Heap:
 garbage-first heap   total 483328K, used 384868K [0x0000000700000000, 0x0000000800000000)
  region size 2048K, 35 young (71680K), 8 survivors (16384K)
 Metaspace       used 118921K, committed 120384K, reserved 720896K
  class space    used 16613K, committed 17280K, reserved 589824K
GC Heap History (20 events):
Event: 65.110 GC heap before
{Heap before GC invocations=49 (full 0):
 garbage-first heap   total 239616K, used 169387K [0x0000000700000000, 0x0000000800000000)
  region size 2048K, 20 young (40960K), 4 survivors (8192K)
 Metaspace       used 97537K, committed 98560K, reserved 720896K
  class space    used 13721K, committed 14208K, reserved 589824K
}
Event: 65.126 GC heap after
{Heap after GC invocations=50 (full 0):
 garbage-first heap   total 239616K, used 143117K [0x0000000700000000, 0x0000000800000000)
  region size 2048K, 3 young (6144K), 3 survivors (6144K)
 Metaspace       used 97537K, committed 98560K, reserved 720896K
  class space    used 13721K, committed 14208K, reserved 589824K
}
Event: 65.227 GC heap before
{Heap before GC invocations=50 (full 0):
 garbage-first heap   total 239616K, used 147213K [0x0000000700000000, 0x0000000800000000)
  region size 2048K, 5 young (10240K), 3 survivors (6144K)
 Metaspace       used 97537K, committed 98560K, reserved 720896K
  class space    used 13721K, committed 14208K, reserved 589824K
}
Event: 65.239 GC heap after
{Heap after GC invocations=51 (full 0):
 garbage-first heap   total 239616K, used 143375K [0x0000000700000000, 0x0000000800000000)
  region size 2048K, 1 young (2048K), 1 survivors (2048K)
 Metaspace       used 97537K, committed 98560K, reserved 720896K
  class space    used 13721K, committed 14208K, reserved 589824K
}
Event: 66.379 GC heap before
{Heap before GC invocations=51 (full 0):
 garbage-first heap   total 239616K, used 186383K [0x0000000700000000, 0x0000000800000000)
  region size 2048K, 23 young (47104K), 1 survivors (2048K)
 Metaspace       used 97878K, committed 99008K, reserved 720896K
  class space    used 13755K, committed 14272K, reserved 589824K
}
Event: 66.395 GC heap after
{Heap after GC invocations=52 (full 0):
 garbage-first heap   total 479232K, used 155168K [0x0000000700000000, 0x0000000800000000)
  region size 2048K, 3 young (6144K), 3 survivors (6144K)
 Metaspace       used 97878K, committed 99008K, reserved 720896K
  class space    used 13755K, committed 14272K, reserved 589824K
}
Event: 74.970 GC heap before
{Heap before GC invocations=52 (full 0):
 garbage-first heap   total 479232K, used 366112K [0x0000000700000000, 0x0000000800000000)
  region size 2048K, 107 young (219136K), 3 survivors (6144K)
 Metaspace       used 104784K, committed 105920K, reserved 720896K
  class space    used 14671K, committed 15168K, reserved 589824K
}
Event: 75.075 GC heap after
{Heap after GC invocations=53 (full 0):
 garbage-first heap   total 479232K, used 187230K [0x0000000700000000, 0x0000000800000000)
  region size 2048K, 14 young (28672K), 14 survivors (28672K)
 Metaspace       used 104784K, committed 105920K, reserved 720896K
  class space    used 14671K, committed 15168K, reserved 589824K
}
Event: 79.495 GC heap before
{Heap before GC invocations=53 (full 0):
 garbage-first heap   total 479232K, used 346974K [0x0000000700000000, 0x0000000800000000)
  region size 2048K, 92 young (188416K), 14 survivors (28672K)
 Metaspace       used 106418K, committed 107584K, reserved 720896K
  class space    used 14834K, committed 15360K, reserved 589824K
}
Event: 79.548 GC heap after
{Heap after GC invocations=54 (full 0):
 garbage-first heap   total 479232K, used 202302K [0x0000000700000000, 0x0000000800000000)
  region size 2048K, 8 young (16384K), 8 survivors (16384K)
 Metaspace       used 106418K, committed 107584K, reserved 720896K
  class space    used 14834K, committed 15360K, reserved 589824K
}
Event: 82.985 GC heap before
{Heap before GC invocations=54 (full 0):
 garbage-first heap   total 479232K, used 359998K [0x0000000700000000, 0x0000000800000000)
  region size 2048K, 85 young (174080K), 8 survivors (16384K)
 Metaspace       used 106889K, committed 108160K, reserved 720896K
  class space    used 14900K, committed 15488K, reserved 589824K
}
Event: 83.029 GC heap after
{Heap after GC invocations=55 (full 0):
 garbage-first heap   total 479232K, used 208340K [0x0000000700000000, 0x0000000800000000)
  region size 2048K, 5 young (10240K), 5 survivors (10240K)
 Metaspace       used 106889K, committed 108160K, reserved 720896K
  class space    used 14900K, committed 15488K, reserved 589824K
}
Event: 87.608 GC heap before
{Heap before GC invocations=55 (full 0):
 garbage-first heap   total 479232K, used 370132K [0x0000000700000000, 0x0000000800000000)
  region size 2048K, 85 young (174080K), 5 survivors (10240K)
 Metaspace       used 107207K, committed 108544K, reserved 720896K
  class space    used 14935K, committed 15552K, reserved 589824K
}
Event: 87.639 GC heap after
{Heap after GC invocations=56 (full 0):
 garbage-first heap   total 479232K, used 213614K [0x0000000700000000, 0x0000000800000000)
  region size 2048K, 7 young (14336K), 7 survivors (14336K)
 Metaspace       used 107207K, committed 108544K, reserved 720896K
  class space    used 14935K, committed 15552K, reserved 589824K
}
Event: 98.670 GC heap before
{Heap before GC invocations=56 (full 0):
 garbage-first heap   total 479232K, used 379502K [0x0000000700000000, 0x0000000800000000)
  region size 2048K, 89 young (182272K), 7 survivors (14336K)
 Metaspace       used 111867K, committed 113216K, reserved 720896K
  class space    used 15544K, committed 16192K, reserved 589824K
}
Event: 98.704 GC heap after
{Heap after GC invocations=57 (full 0):
 garbage-first heap   total 479232K, used 223818K [0x0000000700000000, 0x0000000800000000)
  region size 2048K, 10 young (20480K), 10 survivors (20480K)
 Metaspace       used 111867K, committed 113216K, reserved 720896K
  class space    used 15544K, committed 16192K, reserved 589824K
}
Event: 107.288 GC heap before
{Heap before GC invocations=57 (full 0):
 garbage-first heap   total 479232K, used 422474K [0x0000000700000000, 0x0000000800000000)
  region size 2048K, 89 young (182272K), 10 survivors (20480K)
 Metaspace       used 116326K, committed 117760K, reserved 720896K
  class space    used 16095K, committed 16768K, reserved 589824K
}
Event: 107.362 GC heap after
{Heap after GC invocations=58 (full 0):
 garbage-first heap   total 483328K, used 286477K [0x0000000700000000, 0x0000000800000000)
  region size 2048K, 12 young (24576K), 12 survivors (24576K)
 Metaspace       used 116326K, committed 117760K, reserved 720896K
  class space    used 16095K, committed 16768K, reserved 589824K
}
Event: 109.783 GC heap before
{Heap before GC invocations=58 (full 0):
 garbage-first heap   total 483328K, used 386829K [0x0000000700000000, 0x0000000800000000)
  region size 2048K, 61 young (124928K), 12 survivors (24576K)
 Metaspace       used 118912K, committed 120320K, reserved 720896K
  class space    used 16613K, committed 17280K, reserved 589824K
}
Event: 109.896 GC heap after
{Heap after GC invocations=59 (full 0):
 garbage-first heap   total 483328K, used 331620K [0x0000000700000000, 0x0000000800000000)
  region size 2048K, 8 young (16384K), 8 survivors (16384K)
 Metaspace       used 118912K, committed 120320K, reserved 720896K
  class space    used 16613K, committed 17280K, reserved 589824K
}

