# JRE version: OpenJDK Runtime Environment OpenLogic-OpenJDK (17.0.10+7) (build 17.0.10+7-adhoc..jdk17u)
# Java VM: OpenJDK 64-Bit Server VM OpenLogic-OpenJDK (17.0.10+7-adhoc..jdk17u, mixed mode, sharing, tiered, compressed oops, compressed class ptrs, g1 gc, windows-amd64)
GC Precious Log:
 CPUs: 4 total, 4 available
 Memory: 8070M
 Large Page Support: Disabled
 NUMA Support: Disabled
 Compressed Oops: Enabled (32-bit)
 Heap Region Size: 1M
 Heap Min Capacity: 8M
 Heap Initial Capacity: 128M
 Heap Max Capacity: 2G
 Pre-touch: Disabled
 Parallel Workers: 4
 Concurrent Workers: 1
 Concurrent Refinement Workers: 4
 Periodic GC: Disabled
Heap:
 garbage-first heap   total 369664K, used 291642K [0x0000000080000000, 0x0000000100000000)
  region size 1024K, 65 young (66560K), 4 survivors (4096K)
 Metaspace       used 114466K, committed 115968K, reserved 557056K
  class space    used 15598K, committed 16320K, reserved 425984K
GC Heap History (20 events):
Event: 4930.614 GC heap before
{Heap before GC invocations=58 (full 0):
 garbage-first heap   total 290816K, used 251463K [0x0000000080000000, 0x0000000100000000)
  region size 1024K, 63 young (64512K), 5 survivors (5120K)
 Metaspace       used 112169K, committed 113408K, reserved 557056K
  class space    used 15401K, committed 16000K, reserved 425984K
}
Event: 4930.683 GC heap after
{Heap after GC invocations=59 (full 0):
 garbage-first heap   total 290816K, used 191634K [0x0000000080000000, 0x0000000100000000)
  region size 1024K, 4 young (4096K), 4 survivors (4096K)
 Metaspace       used 112169K, committed 113408K, reserved 557056K
  class space    used 15401K, committed 16000K, reserved 425984K
}
Event: 5869.694 GC heap before
{Heap before GC invocations=59 (full 0):
 garbage-first heap   total 290816K, used 253074K [0x0000000080000000, 0x0000000100000000)
  region size 1024K, 64 young (65536K), 4 survivors (4096K)
 Metaspace       used 112483K, committed 113728K, reserved 557056K
  class space    used 15420K, committed 16000K, reserved 425984K
}
Event: 5869.773 GC heap after
{Heap after GC invocations=60 (full 0):
 garbage-first heap   total 290816K, used 196300K [0x0000000080000000, 0x0000000100000000)
  region size 1024K, 8 young (8192K), 8 survivors (8192K)
 Metaspace       used 112483K, committed 113728K, reserved 557056K
  class space    used 15420K, committed 16000K, reserved 425984K
}
Event: 5879.799 GC heap before
{Heap before GC invocations=60 (full 0):
 garbage-first heap   total 290816K, used 251596K [0x0000000080000000, 0x0000000100000000)
  region size 1024K, 62 young (63488K), 8 survivors (8192K)
 Metaspace       used 112795K, committed 114048K, reserved 557056K
  class space    used 15438K, committed 16064K, reserved 425984K
}
Event: 5879.879 GC heap after
{Heap after GC invocations=61 (full 0):
 garbage-first heap   total 290816K, used 205795K [0x0000000080000000, 0x0000000100000000)
  region size 1024K, 8 young (8192K), 8 survivors (8192K)
 Metaspace       used 112795K, committed 114048K, reserved 557056K
  class space    used 15438K, committed 16064K, reserved 425984K
}
Event: 5882.562 GC heap before
{Heap before GC invocations=61 (full 0):
 garbage-first heap   total 290816K, used 246755K [0x0000000080000000, 0x0000000100000000)
  region size 1024K, 49 young (50176K), 8 survivors (8192K)
 Metaspace       used 112984K, committed 114240K, reserved 557056K
  class space    used 15458K, committed 16064K, reserved 425984K
}
Event: 5882.607 GC heap after
{Heap after GC invocations=62 (full 0):
 garbage-first heap   total 290816K, used 213784K [0x0000000080000000, 0x0000000100000000)
  region size 1024K, 7 young (7168K), 7 survivors (7168K)
 Metaspace       used 112984K, committed 114240K, reserved 557056K
  class space    used 15458K, committed 16064K, reserved 425984K
}
Event: 5885.006 GC heap before
{Heap before GC invocations=62 (full 0):
 garbage-first heap   total 290816K, used 248600K [0x0000000080000000, 0x0000000100000000)
  region size 1024K, 41 young (41984K), 7 survivors (7168K)
 Metaspace       used 113186K, committed 114432K, reserved 557056K
  class space    used 15465K, committed 16064K, reserved 425984K
}
Event: 5885.066 GC heap after
{Heap after GC invocations=63 (full 0):
 garbage-first heap   total 290816K, used 220160K [0x0000000080000000, 0x0000000100000000)
  region size 1024K, 6 young (6144K), 6 survivors (6144K)
 Metaspace       used 113186K, committed 114432K, reserved 557056K
  class space    used 15465K, committed 16064K, reserved 425984K
}
Event: 5885.890 GC heap before
{Heap before GC invocations=63 (full 0):
 garbage-first heap   total 290816K, used 248832K [0x0000000080000000, 0x0000000100000000)
  region size 1024K, 34 young (34816K), 6 survivors (6144K)
 Metaspace       used 113325K, committed 114624K, reserved 557056K
  class space    used 15482K, committed 16128K, reserved 425984K
}
Event: 5885.940 GC heap after
{Heap after GC invocations=64 (full 0):
 garbage-first heap   total 290816K, used 224553K [0x0000000080000000, 0x0000000100000000)
  region size 1024K, 4 young (4096K), 4 survivors (4096K)
 Metaspace       used 113325K, committed 114624K, reserved 557056K
  class space    used 15482K, committed 16128K, reserved 425984K
}
Event: 5886.486 GC heap before
{Heap before GC invocations=64 (full 0):
 garbage-first heap   total 290816K, used 250153K [0x0000000080000000, 0x0000000100000000)
  region size 1024K, 29 young (29696K), 4 survivors (4096K)
 Metaspace       used 113468K, committed 114816K, reserved 557056K
  class space    used 15500K, committed 16128K, reserved 425984K
}
Event: 5886.513 GC heap after
{Heap after GC invocations=65 (full 0):
 garbage-first heap   total 290816K, used 227328K [0x0000000080000000, 0x0000000100000000)
  region size 1024K, 3 young (3072K), 3 survivors (3072K)
 Metaspace       used 113468K, committed 114816K, reserved 557056K
  class space    used 15500K, committed 16128K, reserved 425984K
}
Event: 5886.907 GC heap before
{Heap before GC invocations=65 (full 0):
 garbage-first heap   total 290816K, used 250880K [0x0000000080000000, 0x0000000100000000)
  region size 1024K, 26 young (26624K), 3 survivors (3072K)
 Metaspace       used 113512K, committed 114816K, reserved 557056K
  class space    used 15504K, committed 16128K, reserved 425984K
}
Event: 5886.924 GC heap after
{Heap after GC invocations=66 (full 0):
 garbage-first heap   total 290816K, used 228978K [0x0000000080000000, 0x0000000100000000)
  region size 1024K, 2 young (2048K), 2 survivors (2048K)
 Metaspace       used 113512K, committed 114816K, reserved 557056K
  class space    used 15504K, committed 16128K, reserved 425984K
}
Event: 5887.847 GC heap before
{Heap before GC invocations=66 (full 0):
 garbage-first heap   total 290816K, used 252530K [0x0000000080000000, 0x0000000100000000)
  region size 1024K, 25 young (25600K), 2 survivors (2048K)
 Metaspace       used 113722K, committed 115072K, reserved 557056K
  class space    used 15528K, committed 16192K, reserved 425984K
}
Event: 5887.863 GC heap after
{Heap after GC invocations=67 (full 0):
 garbage-first heap   total 369664K, used 230082K [0x0000000080000000, 0x0000000100000000)
  region size 1024K, 3 young (3072K), 3 survivors (3072K)
 Metaspace       used 113722K, committed 115072K, reserved 557056K
  class space    used 15528K, committed 16192K, reserved 425984K
}
Event: 6331.262 GC heap before
{Heap before GC invocations=67 (full 0):
 garbage-first heap   total 369664K, used 304834K [0x0000000080000000, 0x0000000100000000)
  region size 1024K, 76 young (77824K), 3 survivors (3072K)
 Metaspace       used 114074K, committed 115520K, reserved 557056K
  class space    used 15565K, committed 16256K, reserved 425984K
}
Event: 6331.387 GC heap after
{Heap after GC invocations=68 (full 0):
 garbage-first heap   total 369664K, used 231226K [0x0000000080000000, 0x0000000100000000)
  region size 1024K, 4 young (4096K), 4 survivors (4096K)
 Metaspace       used 114074K, committed 115520K, reserved 557056K
  class space    used 15565K, committed 16256K, reserved 425984K
}

