# JRE version: Java(TM) SE Runtime Environment (17.0.11+7) (build 17.0.11+7-LTS-207)
# Java VM: Java HotSpot(TM) 64-Bit Server VM (17.0.11+7-LTS-207, mixed mode, sharing, tiered, compressed oops, compressed class ptrs, g1 gc, windows-amd64)
GC Precious Log:
 CPUs: 4 total, 4 available
 Memory: 8070M
 Large Page Support: Disabled
 NUMA Support: Disabled
 Compressed Oops: Enabled (32-bit)
 Heap Region Size: 1M
 Heap Min Capacity: 8M
 Heap Initial Capacity: 128M
 Heap Max Capacity: 2018M
 Pre-touch: Disabled
 Parallel Workers: 4
 Concurrent Workers: 1
 Concurrent Refinement Workers: 4
 Periodic GC: Disabled
Heap:
 garbage-first heap   total 81920K, used 56588K [0x0000000081e00000, 0x0000000100000000)
  region size 1024K, 9 young (9216K), 2 survivors (2048K)
 Metaspace       used 52225K, committed 52480K, reserved 1114112K
  class space    used 6115K, committed 6272K, reserved 1048576K
GC Heap History (20 events):
Event: 29.656 GC heap before
{Heap before GC invocations=10 (full 0):
 garbage-first heap   total 73728K, used 26362K [0x0000000081e00000, 0x0000000100000000)
  region size 1024K, 3 young (3072K), 2 survivors (2048K)
 Metaspace       used 40106K, committed 40320K, reserved 1114112K
  class space    used 5068K, committed 5184K, reserved 1048576K
}
Event: 29.666 GC heap after
{Heap after GC invocations=11 (full 0):
 garbage-first heap   total 73728K, used 25626K [0x0000000081e00000, 0x0000000100000000)
  region size 1024K, 1 young (1024K), 1 survivors (1024K)
 Metaspace       used 40106K, committed 40320K, reserved 1114112K
  class space    used 5068K, committed 5184K, reserved 1048576K
}
Event: 33.901 GC heap before
{Heap before GC invocations=11 (full 0):
 garbage-first heap   total 73728K, used 54298K [0x0000000081e00000, 0x0000000100000000)
  region size 1024K, 29 young (29696K), 1 survivors (1024K)
 Metaspace       used 42029K, committed 42240K, reserved 1114112K
  class space    used 5275K, committed 5376K, reserved 1048576K
}
Event: 33.915 GC heap after
{Heap after GC invocations=12 (full 0):
 garbage-first heap   total 73728K, used 28669K [0x0000000081e00000, 0x0000000100000000)
  region size 1024K, 4 young (4096K), 4 survivors (4096K)
 Metaspace       used 42029K, committed 42240K, reserved 1114112K
  class space    used 5275K, committed 5376K, reserved 1048576K
}
Event: 43.806 GC heap before
{Heap before GC invocations=12 (full 0):
 garbage-first heap   total 73728K, used 55293K [0x0000000081e00000, 0x0000000100000000)
  region size 1024K, 30 young (30720K), 4 survivors (4096K)
 Metaspace       used 45520K, committed 45760K, reserved 1114112K
  class space    used 5583K, committed 5696K, reserved 1048576K
}
Event: 43.830 GC heap after
{Heap after GC invocations=13 (full 0):
 garbage-first heap   total 73728K, used 32893K [0x0000000081e00000, 0x0000000100000000)
  region size 1024K, 4 young (4096K), 4 survivors (4096K)
 Metaspace       used 45520K, committed 45760K, reserved 1114112K
  class space    used 5583K, committed 5696K, reserved 1048576K
}
Event: 47.501 GC heap before
{Heap before GC invocations=13 (full 0):
 garbage-first heap   total 73728K, used 55421K [0x0000000081e00000, 0x0000000100000000)
  region size 1024K, 26 young (26624K), 4 survivors (4096K)
 Metaspace       used 45893K, committed 46208K, reserved 1114112K
  class space    used 5602K, committed 5760K, reserved 1048576K
}
Event: 47.528 GC heap after
{Heap after GC invocations=14 (full 0):
 garbage-first heap   total 73728K, used 37429K [0x0000000081e00000, 0x0000000100000000)
  region size 1024K, 4 young (4096K), 4 survivors (4096K)
 Metaspace       used 45893K, committed 46208K, reserved 1114112K
  class space    used 5602K, committed 5760K, reserved 1048576K
}
Event: 51.778 GC heap before
{Heap before GC invocations=14 (full 0):
 garbage-first heap   total 73728K, used 55861K [0x0000000081e00000, 0x0000000100000000)
  region size 1024K, 22 young (22528K), 4 survivors (4096K)
 Metaspace       used 46197K, committed 46464K, reserved 1114112K
  class space    used 5633K, committed 5760K, reserved 1048576K
}
Event: 51.800 GC heap after
{Heap after GC invocations=15 (full 0):
 garbage-first heap   total 73728K, used 40960K [0x0000000081e00000, 0x0000000100000000)
  region size 1024K, 3 young (3072K), 3 survivors (3072K)
 Metaspace       used 46197K, committed 46464K, reserved 1114112K
  class space    used 5633K, committed 5760K, reserved 1048576K
}
Event: 55.505 GC heap before
{Heap before GC invocations=16 (full 0):
 garbage-first heap   total 73728K, used 57344K [0x0000000081e00000, 0x0000000100000000)
  region size 1024K, 19 young (19456K), 3 survivors (3072K)
 Metaspace       used 47315K, committed 47552K, reserved 1114112K
  class space    used 5766K, committed 5888K, reserved 1048576K
}
Event: 55.520 GC heap after
{Heap after GC invocations=17 (full 0):
 garbage-first heap   total 73728K, used 42401K [0x0000000081e00000, 0x0000000100000000)
  region size 1024K, 1 young (1024K), 1 survivors (1024K)
 Metaspace       used 47315K, committed 47552K, reserved 1114112K
  class space    used 5766K, committed 5888K, reserved 1048576K
}
Event: 62.003 GC heap before
{Heap before GC invocations=17 (full 0):
 garbage-first heap   total 73728K, used 56737K [0x0000000081e00000, 0x0000000100000000)
  region size 1024K, 16 young (16384K), 1 survivors (1024K)
 Metaspace       used 48489K, committed 48768K, reserved 1114112K
  class space    used 5876K, committed 6016K, reserved 1048576K
}
Event: 62.021 GC heap after
{Heap after GC invocations=18 (full 0):
 garbage-first heap   total 73728K, used 44695K [0x0000000081e00000, 0x0000000100000000)
  region size 1024K, 2 young (2048K), 2 survivors (2048K)
 Metaspace       used 48489K, committed 48768K, reserved 1114112K
  class space    used 5876K, committed 6016K, reserved 1048576K
}
Event: 72.637 GC heap before
{Heap before GC invocations=19 (full 0):
 garbage-first heap   total 76800K, used 59031K [0x0000000081e00000, 0x0000000100000000)
  region size 1024K, 16 young (16384K), 2 survivors (2048K)
 Metaspace       used 50561K, committed 50880K, reserved 1114112K
  class space    used 6055K, committed 6208K, reserved 1048576K
}
Event: 72.651 GC heap after
{Heap after GC invocations=20 (full 0):
 garbage-first heap   total 76800K, used 46569K [0x0000000081e00000, 0x0000000100000000)
  region size 1024K, 2 young (2048K), 2 survivors (2048K)
 Metaspace       used 50561K, committed 50880K, reserved 1114112K
  class space    used 6055K, committed 6208K, reserved 1048576K
}
Event: 79.225 GC heap before
{Heap before GC invocations=20 (full 0):
 garbage-first heap   total 76800K, used 61929K [0x0000000081e00000, 0x0000000100000000)
  region size 1024K, 17 young (17408K), 2 survivors (2048K)
 Metaspace       used 51810K, committed 52096K, reserved 1114112K
  class space    used 6105K, committed 6272K, reserved 1048576K
}
Event: 79.239 GC heap after
{Heap after GC invocations=21 (full 0):
 garbage-first heap   total 76800K, used 48046K [0x0000000081e00000, 0x0000000100000000)
  region size 1024K, 3 young (3072K), 3 survivors (3072K)
 Metaspace       used 51810K, committed 52096K, reserved 1114112K
  class space    used 6105K, committed 6272K, reserved 1048576K
}
Event: 83.882 GC heap before
{Heap before GC invocations=22 (full 0):
 garbage-first heap   total 81920K, used 58286K [0x0000000081e00000, 0x0000000100000000)
  region size 1024K, 14 young (14336K), 3 survivors (3072K)
 Metaspace       used 52221K, committed 52480K, reserved 1114112K
  class space    used 6115K, committed 6272K, reserved 1048576K
}
Event: 83.897 GC heap after
{Heap after GC invocations=23 (full 0):
 garbage-first heap   total 81920K, used 49420K [0x0000000081e00000, 0x0000000100000000)
  region size 1024K, 2 young (2048K), 2 survivors (2048K)
 Metaspace       used 52221K, committed 52480K, reserved 1114112K
  class space    used 6115K, committed 6272K, reserved 1048576K
}

