# JRE version: Java(TM) SE Runtime Environment (17.0.11+7) (build 17.0.11+7-LTS-207)
# Java VM: Java HotSpot(TM) 64-Bit Server VM (17.0.11+7-LTS-207, mixed mode, sharing, tiered, compressed oops, compressed class ptrs, g1 gc, windows-amd64)
GC Precious Log:
 CPUs: 4 total, 4 available
 Memory: 8070M
 Large Page Support: Disabled
 NUMA Support: Disabled
 Compressed Oops: Enabled (Zero based)
 Heap Region Size: 2M
 Heap Min Capacity: 8M
 Heap Initial Capacity: 128M
 Heap Max Capacity: 3048M
 Pre-touch: Disabled
 Parallel Workers: 4
 Concurrent Workers: 1
 Concurrent Refinement Workers: 4
 Periodic GC: Disabled
Heap:
 garbage-first heap   total 925696K, used 431903K [0x0000000741800000, 0x0000000800000000)
  region size 2048K, 10 young (20480K), 10 survivors (20480K)
 Metaspace       used 104786K, committed 105856K, reserved 638976K
  class space    used 14645K, committed 15168K, reserved 507904K
GC Heap History (20 events):
Event: 81.146 GC heap after
{Heap after GC invocations=63 (full 0):
 garbage-first heap   total 585728K, used 268530K [0x0000000741800000, 0x0000000800000000)
  region size 2048K, 6 young (12288K), 6 survivors (12288K)
 Metaspace       used 104786K, committed 105856K, reserved 638976K
  class space    used 14645K, committed 15168K, reserved 507904K
}
Event: 81.161 GC heap before
{Heap before GC invocations=63 (full 0):
 garbage-first heap   total 585728K, used 274674K [0x0000000741800000, 0x0000000800000000)
  region size 2048K, 7 young (14336K), 6 survivors (12288K)
 Metaspace       used 104786K, committed 105856K, reserved 638976K
  class space    used 14645K, committed 15168K, reserved 507904K
}
Event: 81.170 GC heap after
{Heap after GC invocations=64 (full 0):
 garbage-first heap   total 925696K, used 270761K [0x0000000741800000, 0x0000000800000000)
  region size 2048K, 6 young (12288K), 6 survivors (12288K)
 Metaspace       used 104786K, committed 105856K, reserved 638976K
  class space    used 14645K, committed 15168K, reserved 507904K
}
Event: 81.766 GC heap before
{Heap before GC invocations=64 (full 0):
 garbage-first heap   total 925696K, used 467369K [0x0000000741800000, 0x0000000800000000)
  region size 2048K, 29 young (59392K), 6 survivors (12288K)
 Metaspace       used 104786K, committed 105856K, reserved 638976K
  class space    used 14645K, committed 15168K, reserved 507904K
}
Event: 81.783 GC heap after
{Heap after GC invocations=65 (full 0):
 garbage-first heap   total 925696K, used 320491K [0x0000000741800000, 0x0000000800000000)
  region size 2048K, 13 young (26624K), 13 survivors (26624K)
 Metaspace       used 104786K, committed 105856K, reserved 638976K
  class space    used 14645K, committed 15168K, reserved 507904K
}
Event: 82.282 GC heap before
{Heap before GC invocations=65 (full 0):
 garbage-first heap   total 925696K, used 383979K [0x0000000741800000, 0x0000000800000000)
  region size 2048K, 14 young (28672K), 13 survivors (26624K)
 Metaspace       used 104786K, committed 105856K, reserved 638976K
  class space    used 14645K, committed 15168K, reserved 507904K
}
Event: 82.288 GC heap after
{Heap after GC invocations=66 (full 0):
 garbage-first heap   total 925696K, used 345716K [0x0000000741800000, 0x0000000800000000)
  region size 2048K, 12 young (24576K), 12 survivors (24576K)
 Metaspace       used 104786K, committed 105856K, reserved 638976K
  class space    used 14645K, committed 15168K, reserved 507904K
}
Event: 82.476 GC heap before
{Heap before GC invocations=66 (full 0):
 garbage-first heap   total 925696K, used 413300K [0x0000000741800000, 0x0000000800000000)
  region size 2048K, 13 young (26624K), 12 survivors (24576K)
 Metaspace       used 104786K, committed 105856K, reserved 638976K
  class space    used 14645K, committed 15168K, reserved 507904K
}
Event: 82.483 GC heap after
{Heap after GC invocations=67 (full 0):
 garbage-first heap   total 925696K, used 381153K [0x0000000741800000, 0x0000000800000000)
  region size 2048K, 13 young (26624K), 13 survivors (26624K)
 Metaspace       used 104786K, committed 105856K, reserved 638976K
  class space    used 14645K, committed 15168K, reserved 507904K
}
Event: 82.511 GC heap before
{Heap before GC invocations=67 (full 0):
 garbage-first heap   total 925696K, used 442593K [0x0000000741800000, 0x0000000800000000)
  region size 2048K, 14 young (28672K), 13 survivors (26624K)
 Metaspace       used 104786K, committed 105856K, reserved 638976K
  class space    used 14645K, committed 15168K, reserved 507904K
}
Event: 82.516 GC heap after
{Heap after GC invocations=68 (full 0):
 garbage-first heap   total 925696K, used 371924K [0x0000000741800000, 0x0000000800000000)
  region size 2048K, 12 young (24576K), 12 survivors (24576K)
 Metaspace       used 104786K, committed 105856K, reserved 638976K
  class space    used 14645K, committed 15168K, reserved 507904K
}
Event: 83.019 GC heap before
{Heap before GC invocations=68 (full 0):
 garbage-first heap   total 925696K, used 441556K [0x0000000741800000, 0x0000000800000000)
  region size 2048K, 13 young (26624K), 12 survivors (24576K)
 Metaspace       used 104786K, committed 105856K, reserved 638976K
  class space    used 14645K, committed 15168K, reserved 507904K
}
Event: 83.024 GC heap after
{Heap after GC invocations=69 (full 0):
 garbage-first heap   total 925696K, used 402150K [0x0000000741800000, 0x0000000800000000)
  region size 2048K, 12 young (24576K), 12 survivors (24576K)
 Metaspace       used 104786K, committed 105856K, reserved 638976K
  class space    used 14645K, committed 15168K, reserved 507904K
}
Event: 83.172 GC heap before
{Heap before GC invocations=69 (full 0):
 garbage-first heap   total 925696K, used 469734K [0x0000000741800000, 0x0000000800000000)
  region size 2048K, 13 young (26624K), 12 survivors (24576K)
 Metaspace       used 104786K, committed 105856K, reserved 638976K
  class space    used 14645K, committed 15168K, reserved 507904K
}
Event: 83.177 GC heap after
{Heap after GC invocations=70 (full 0):
 garbage-first heap   total 925696K, used 436038K [0x0000000741800000, 0x0000000800000000)
  region size 2048K, 13 young (26624K), 13 survivors (26624K)
 Metaspace       used 104786K, committed 105856K, reserved 638976K
  class space    used 14645K, committed 15168K, reserved 507904K
}
Event: 83.252 GC heap before
{Heap before GC invocations=70 (full 0):
 garbage-first heap   total 925696K, used 489286K [0x0000000741800000, 0x0000000800000000)
  region size 2048K, 14 young (28672K), 13 survivors (26624K)
 Metaspace       used 104786K, committed 105856K, reserved 638976K
  class space    used 14645K, committed 15168K, reserved 507904K
}
Event: 83.257 GC heap after
{Heap after GC invocations=71 (full 0):
 garbage-first heap   total 925696K, used 422113K [0x0000000741800000, 0x0000000800000000)
  region size 2048K, 13 young (26624K), 13 survivors (26624K)
 Metaspace       used 104786K, committed 105856K, reserved 638976K
  class space    used 14645K, committed 15168K, reserved 507904K
}
Event: 83.300 GC heap before
{Heap before GC invocations=71 (full 0):
 garbage-first heap   total 925696K, used 434401K [0x0000000741800000, 0x0000000800000000)
  region size 2048K, 14 young (28672K), 13 survivors (26624K)
 Metaspace       used 104786K, committed 105856K, reserved 638976K
  class space    used 14645K, committed 15168K, reserved 507904K
}
Event: 83.305 GC heap after
{Heap after GC invocations=72 (full 0):
 garbage-first heap   total 925696K, used 427539K [0x0000000741800000, 0x0000000800000000)
  region size 2048K, 10 young (20480K), 10 survivors (20480K)
 Metaspace       used 104786K, committed 105856K, reserved 638976K
  class space    used 14645K, committed 15168K, reserved 507904K
}
Event: 83.363 GC heap before
{Heap before GC invocations=72 (full 0):
 garbage-first heap   total 925696K, used 437779K [0x0000000741800000, 0x0000000800000000)
  region size 2048K, 11 young (22528K), 10 survivors (20480K)
 Metaspace       used 104786K, committed 105856K, reserved 638976K
  class space    used 14645K, committed 15168K, reserved 507904K
}

